2021/08/10 10:56:37 INFO:wuyanqing用户连接
2021/08/10 10:56:37 INFO：wuyanqing发送登陆消息
2021/08/10 11:01:07 INFO:wuyanqing用户连接
2021/08/10 11:01:07 INFO：wuyanqing发送登陆消息
2021/08/10 11:03:30 INFO:wuyanqing用户连接
2021/08/10 11:03:30 INFO：wuyanqing发送登陆消息
2021/08/10 11:03:30 INFO:服务端向用户wuyanqing向服务端发送了一条消息
2021/08/10 11:03:30 INFO:用户wuyanqing向服务端发送了一条消息，Msg:Ping,Type:2
2021/08/10 11:03:30 INFO:用户wuyanqing向服务端发送了一条消息，Msg:是我，你爹！快打钱！,Type:5
2021/08/10 11:03:30 INFO:服务端向用户wuyanqing向服务端发送了一条消息
2021/08/10 11:03:30 INFO:服务端向用户wuyanqing向服务端发送了一条消息
2021/08/10 11:03:31 INFO:用户wuyanqing向服务端发送了一条消息，Msg:是我，你爹！快打钱！,Type:5
2021/08/10 11:03:31 INFO:服务端向用户wuyanqing向服务端发送了一条消息
2021/08/10 11:03:32 INFO:用户wuyanqing向服务端发送了一条消息，Msg:Ping,Type:2
2021/08/10 11:03:32 INFO:用户wuyanqing向服务端发送了一条消息，Msg:是我，你爹！快打钱！,Type:5
2021/08/10 11:03:32 INFO:服务端向用户wuyanqing向服务端发送了一条消息
2021/08/10 11:03:32 INFO:服务端向用户wuyanqing向服务端发送了一条消息
2021/08/10 11:03:33 INFO:用户wuyanqing向服务端发送了一条消息，Msg:是我，你爹！快打钱！,Type:5
2021/08/10 11:03:33 INFO:服务端向用户wuyanqing向服务端发送了一条消息
2021/08/10 11:03:34 INFO:用户wuyanqing向服务端发送了一条消息，Msg:Ping,Type:2
2021/08/10 11:03:34 INFO:用户wuyanqing向服务端发送了一条消息，Msg:是我，你爹！快打钱！,Type:5
2021/08/10 11:03:34 INFO:服务端向用户wuyanqing向服务端发送了一条消息
2021/08/10 11:03:34 INFO:服务端向用户wuyanqing向服务端发送了一条消息
2021/08/10 11:03:35 INFO:用户wuyanqing向服务端发送了一条消息，Msg:是我，你爹！快打钱！,Type:5
2021/08/10 11:03:35 INFO:服务端向用户wuyanqing向服务端发送了一条消息
2021/08/10 11:03:36 INFO:用户wuyanqing向服务端发送了一条消息，Msg:Ping,Type:2
2021/08/10 11:03:36 INFO:用户wuyanqing向服务端发送了一条消息，Msg:是我，你爹！快打钱！,Type:5
2021/08/10 11:03:36 INFO:服务端向用户wuyanqing向服务端发送了一条消息
2021/08/10 11:03:36 INFO:服务端向用户wuyanqing向服务端发送了一条消息
2021/08/10 11:03:37 INFO:用户wuyanqing向服务端发送了一条消息，Msg:是我，你爹！快打钱！,Type:5
2021/08/10 11:03:37 INFO:服务端向用户wuyanqing向服务端发送了一条消息
2021/08/10 11:03:38 INFO:用户wuyanqing向服务端发送了一条消息，Msg:Ping,Type:2
2021/08/10 11:03:38 INFO:用户wuyanqing向服务端发送了一条消息，Msg:是我，你爹！快打钱！,Type:5
2021/08/10 11:03:38 INFO:服务端向用户wuyanqing向服务端发送了一条消息
2021/08/10 11:03:38 INFO:服务端向用户wuyanqing向服务端发送了一条消息
2021/08/10 11:03:39 INFO:用户wuyanqing向服务端发送了一条消息，Msg:是我，你爹！快打钱！,Type:5
2021/08/10 11:03:39 INFO:服务端向用户wuyanqing向服务端发送了一条消息
2021/08/10 11:03:40 INFO:用户wuyanqing向服务端发送了一条消息，Msg:Ping,Type:2
2021/08/10 11:03:40 INFO:用户wuyanqing向服务端发送了一条消息，Msg:是我，你爹！快打钱！,Type:5
2021/08/10 11:03:40 INFO:服务端向用户wuyanqing向服务端发送了一条消息
2021/08/10 11:03:40 INFO:服务端向用户wuyanqing向服务端发送了一条消息
2021/08/10 11:03:41 INFO:用户wuyanqing向服务端发送了一条消息，Msg:是我，你爹！快打钱！,Type:5
2021/08/10 11:03:41 INFO:服务端向用户wuyanqing向服务端发送了一条消息
2021/08/10 11:03:42 INFO:用户wuyanqing向服务端发送了一条消息，Msg:Ping,Type:2
2021/08/10 11:03:42 INFO:用户wuyanqing向服务端发送了一条消息，Msg:是我，你爹！快打钱！,Type:5
2021/08/10 11:03:42 INFO:服务端向用户wuyanqing向服务端发送了一条消息
2021/08/10 11:03:42 INFO:服务端向用户wuyanqing向服务端发送了一条消息
2021/08/10 11:03:43 INFO:用户wuyanqing向服务端发送了一条消息，Msg:是我，你爹！快打钱！,Type:5
2021/08/10 11:03:43 INFO:服务端向用户wuyanqing向服务端发送了一条消息
2021/08/10 11:03:44 INFO:用户wuyanqing向服务端发送了一条消息，Msg:Ping,Type:2
2021/08/10 11:03:44 INFO:服务端向用户wuyanqing向服务端发送了一条消息
2021/08/10 11:03:44 INFO:用户wuyanqing向服务端发送了一条消息，Msg:是我，你爹！快打钱！,Type:5
2021/08/10 11:03:44 INFO:服务端向用户wuyanqing向服务端发送了一条消息
2021/08/10 11:03:45 INFO:用户wuyanqing向服务端发送了一条消息，Msg:是我，你爹！快打钱！,Type:5
2021/08/10 11:03:45 INFO:服务端向用户wuyanqing向服务端发送了一条消息
2021/08/10 11:03:46 INFO:用户wuyanqing向服务端发送了一条消息，Msg:是我，你爹！快打钱！,Type:5
2021/08/10 11:03:46 INFO:用户wuyanqing向服务端发送了一条消息，Msg:Ping,Type:2
2021/08/10 11:03:46 INFO:服务端向用户wuyanqing向服务端发送了一条消息
2021/08/10 11:03:46 INFO:服务端向用户wuyanqing向服务端发送了一条消息
2021/08/10 11:03:47 INFO:用户wuyanqing向服务端发送了一条消息，Msg:是我，你爹！快打钱！,Type:5
2021/08/10 11:03:47 INFO:服务端向用户wuyanqing向服务端发送了一条消息
2021/08/10 11:03:48 INFO:用户wuyanqing向服务端发送了一条消息，Msg:Ping,Type:2
2021/08/10 11:03:48 INFO:服务端向用户wuyanqing向服务端发送了一条消息
2021/08/10 11:03:48 INFO:用户wuyanqing向服务端发送了一条消息，Msg:是我，你爹！快打钱！,Type:5
2021/08/10 11:03:48 INFO:服务端向用户wuyanqing向服务端发送了一条消息
2021/08/10 11:03:49 INFO:用户wuyanqing向服务端发送了一条消息，Msg:是我，你爹！快打钱！,Type:5
2021/08/10 11:03:49 INFO:服务端向用户wuyanqing向服务端发送了一条消息
2021/08/10 11:03:50 INFO:用户wuyanqing向服务端发送了一条消息，Msg:Ping,Type:2
2021/08/10 11:03:50 INFO:用户wuyanqing向服务端发送了一条消息，Msg:是我，你爹！快打钱！,Type:5
2021/08/10 11:03:50 INFO:服务端向用户wuyanqing向服务端发送了一条消息
2021/08/10 11:03:50 INFO:服务端向用户wuyanqing向服务端发送了一条消息
2021/08/10 11:03:51 INFO:用户wuyanqing向服务端发送了一条消息，Msg:是我，你爹！快打钱！,Type:5
2021/08/10 11:03:51 INFO:服务端向用户wuyanqing向服务端发送了一条消息
2021/08/10 11:03:52 INFO:用户wuyanqing向服务端发送了一条消息，Msg:Ping,Type:2
2021/08/10 11:03:52 INFO:用户wuyanqing向服务端发送了一条消息，Msg:是我，你爹！快打钱！,Type:5
2021/08/10 11:03:52 INFO:服务端向用户wuyanqing向服务端发送了一条消息
2021/08/10 11:03:52 INFO:服务端向用户wuyanqing向服务端发送了一条消息
2021/08/10 11:03:53 INFO:用户wuyanqing向服务端发送了一条消息，Msg:是我，你爹！快打钱！,Type:5
2021/08/10 11:03:53 INFO:服务端向用户wuyanqing向服务端发送了一条消息
2021/08/10 11:03:54 INFO:用户wuyanqing向服务端发送了一条消息，Msg:Ping,Type:2
2021/08/10 11:03:54 INFO:用户wuyanqing向服务端发送了一条消息，Msg:是我，你爹！快打钱！,Type:5
2021/08/10 11:03:54 INFO:服务端向用户wuyanqing向服务端发送了一条消息
2021/08/10 11:03:54 INFO:服务端向用户wuyanqing向服务端发送了一条消息
2021/08/10 11:03:55 INFO:用户wuyanqing向服务端发送了一条消息，Msg:是我，你爹！快打钱！,Type:5
2021/08/10 11:03:55 INFO:服务端向用户wuyanqing向服务端发送了一条消息
2021/08/10 11:03:56 INFO:用户wuyanqing向服务端发送了一条消息，Msg:Ping,Type:2
2021/08/10 11:03:56 INFO:用户wuyanqing向服务端发送了一条消息，Msg:是我，你爹！快打钱！,Type:5
2021/08/10 11:03:56 INFO:服务端向用户wuyanqing向服务端发送了一条消息
2021/08/10 11:03:56 INFO:服务端向用户wuyanqing向服务端发送了一条消息
2021/08/10 11:03:57 INFO:用户wuyanqing向服务端发送了一条消息，Msg:是我，你爹！快打钱！,Type:5
2021/08/10 11:03:57 INFO:服务端向用户wuyanqing向服务端发送了一条消息
2021/08/10 11:03:58 INFO:用户wuyanqing向服务端发送了一条消息，Msg:Ping,Type:2
2021/08/10 11:03:58 INFO:用户wuyanqing向服务端发送了一条消息，Msg:是我，你爹！快打钱！,Type:5
2021/08/10 11:03:58 INFO:服务端向用户wuyanqing向服务端发送了一条消息
2021/08/10 11:03:58 INFO:服务端向用户wuyanqing向服务端发送了一条消息
2021/08/10 11:03:59 INFO:用户wuyanqing向服务端发送了一条消息，Msg:是我，你爹！快打钱！,Type:5
2021/08/10 11:03:59 INFO:服务端向用户wuyanqing向服务端发送了一条消息
2021/08/10 11:04:00 INFO:用户wuyanqing向服务端发送了一条消息，Msg:Ping,Type:2
2021/08/10 11:04:00 INFO:用户wuyanqing向服务端发送了一条消息，Msg:是我，你爹！快打钱！,Type:5
2021/08/10 11:04:00 INFO:服务端向用户wuyanqing向服务端发送了一条消息
2021/08/10 11:04:00 INFO:服务端向用户wuyanqing向服务端发送了一条消息
2021/08/10 11:04:00 INFO:wuyanqing2用户连接
2021/08/10 11:04:00 INFO：wuyanqing2发送登陆消息
2021/08/10 11:04:00 INFO:服务端向用户wuyanqing2向服务端发送了一条消息
2021/08/10 11:04:00 INFO:服务端向用户wuyanqing向服务端发送了一条消息
2021/08/10 11:04:00 INFO:用户wuyanqing2向服务端发送了一条消息，Msg:Ping,Type:2
2021/08/10 11:04:00 INFO:服务端向用户wuyanqing2向服务端发送了一条消息
2021/08/10 11:04:00 INFO:用户wuyanqing2向服务端发送了一条消息，Msg:是我，你爹！快打钱！,Type:5
2021/08/10 11:04:00 INFO:服务端向用户wuyanqing2向服务端发送了一条消息
2021/08/10 11:04:01 INFO:用户wuyanqing向服务端发送了一条消息，Msg:是我，你爹！快打钱！,Type:5
2021/08/10 11:04:01 INFO:服务端向用户wuyanqing向服务端发送了一条消息
2021/08/10 11:04:01 INFO:用户wuyanqing2向服务端发送了一条消息，Msg:是我，你爹！快打钱！,Type:5
2021/08/10 11:04:01 INFO:服务端向用户wuyanqing2向服务端发送了一条消息
2021/08/10 11:04:02 INFO:用户wuyanqing向服务端发送了一条消息，Msg:Ping,Type:2
2021/08/10 11:04:02 INFO:用户wuyanqing向服务端发送了一条消息，Msg:是我，你爹！快打钱！,Type:5
2021/08/10 11:04:02 INFO:服务端向用户wuyanqing向服务端发送了一条消息
2021/08/10 11:04:02 INFO:服务端向用户wuyanqing向服务端发送了一条消息
2021/08/10 11:04:02 INFO:用户wuyanqing2向服务端发送了一条消息，Msg:是我，你爹！快打钱！,Type:5
2021/08/10 11:04:02 INFO:用户wuyanqing2向服务端发送了一条消息，Msg:Ping,Type:2
2021/08/10 11:04:02 INFO:服务端向用户wuyanqing2向服务端发送了一条消息
2021/08/10 11:04:02 INFO:服务端向用户wuyanqing2向服务端发送了一条消息
2021/08/10 11:04:03 INFO:用户wuyanqing向服务端发送了一条消息，Msg:是我，你爹！快打钱！,Type:5
2021/08/10 11:04:03 INFO:服务端向用户wuyanqing向服务端发送了一条消息
2021/08/10 11:04:03 INFO:用户wuyanqing2向服务端发送了一条消息，Msg:是我，你爹！快打钱！,Type:5
2021/08/10 11:04:03 INFO:服务端向用户wuyanqing2向服务端发送了一条消息
2021/08/10 11:04:04 INFO:用户wuyanqing向服务端发送了一条消息，Msg:Ping,Type:2
2021/08/10 11:04:04 INFO:用户wuyanqing向服务端发送了一条消息，Msg:是我，你爹！快打钱！,Type:5
2021/08/10 11:04:04 INFO:服务端向用户wuyanqing向服务端发送了一条消息
2021/08/10 11:04:04 INFO:服务端向用户wuyanqing向服务端发送了一条消息
2021/08/10 11:04:04 INFO:用户wuyanqing2向服务端发送了一条消息，Msg:Ping,Type:2
2021/08/10 11:04:04 INFO:用户wuyanqing2向服务端发送了一条消息，Msg:是我，你爹！快打钱！,Type:5
2021/08/10 11:04:04 INFO:服务端向用户wuyanqing2向服务端发送了一条消息
2021/08/10 11:04:04 INFO:服务端向用户wuyanqing2向服务端发送了一条消息
2021/08/10 11:04:05 INFO:用户wuyanqing向服务端发送了一条消息，Msg:是我，你爹！快打钱！,Type:5
2021/08/10 11:04:05 INFO:服务端向用户wuyanqing向服务端发送了一条消息
2021/08/10 11:04:05 INFO:用户wuyanqing2向服务端发送了一条消息，Msg:是我，你爹！快打钱！,Type:5
2021/08/10 11:04:05 INFO:服务端向用户wuyanqing2向服务端发送了一条消息
2021/08/10 11:04:06 INFO:用户wuyanqing向服务端发送了一条消息，Msg:Ping,Type:2
2021/08/10 11:04:06 INFO:用户wuyanqing向服务端发送了一条消息，Msg:是我，你爹！快打钱！,Type:5
2021/08/10 11:04:06 INFO:服务端向用户wuyanqing向服务端发送了一条消息
2021/08/10 11:04:06 INFO:服务端向用户wuyanqing向服务端发送了一条消息
2021/08/10 11:04:06 INFO:用户wuyanqing2向服务端发送了一条消息，Msg:是我，你爹！快打钱！,Type:5
2021/08/10 11:04:06 INFO:用户wuyanqing2向服务端发送了一条消息，Msg:Ping,Type:2
2021/08/10 11:04:06 INFO:服务端向用户wuyanqing2向服务端发送了一条消息
2021/08/10 11:04:06 INFO:服务端向用户wuyanqing2向服务端发送了一条消息
2021/08/10 11:04:07 INFO:用户wuyanqing向服务端发送了一条消息，Msg:是我，你爹！快打钱！,Type:5
2021/08/10 11:04:07 INFO:服务端向用户wuyanqing向服务端发送了一条消息
2021/08/10 11:04:07 INFO:用户wuyanqing2向服务端发送了一条消息，Msg:是我，你爹！快打钱！,Type:5
2021/08/10 11:04:07 INFO:服务端向用户wuyanqing2向服务端发送了一条消息
2021/08/10 11:04:08 INFO:用户wuyanqing向服务端发送了一条消息，Msg:Ping,Type:2
2021/08/10 11:04:08 INFO:用户wuyanqing向服务端发送了一条消息，Msg:是我，你爹！快打钱！,Type:5
2021/08/10 11:04:08 INFO:服务端向用户wuyanqing向服务端发送了一条消息
2021/08/10 11:04:08 INFO:服务端向用户wuyanqing向服务端发送了一条消息
2021/08/10 11:04:08 INFO:用户wuyanqing2向服务端发送了一条消息，Msg:Ping,Type:2
2021/08/10 11:04:08 INFO:服务端向用户wuyanqing2向服务端发送了一条消息
2021/08/10 11:04:08 INFO:用户wuyanqing2向服务端发送了一条消息，Msg:是我，你爹！快打钱！,Type:5
2021/08/10 11:04:08 INFO:服务端向用户wuyanqing2向服务端发送了一条消息
2021/08/10 11:04:09 INFO:用户wuyanqing向服务端发送了一条消息，Msg:是我，你爹！快打钱！,Type:5
2021/08/10 11:04:09 INFO:服务端向用户wuyanqing向服务端发送了一条消息
2021/08/10 11:04:09 INFO:用户wuyanqing2向服务端发送了一条消息，Msg:是我，你爹！快打钱！,Type:5
2021/08/10 11:04:09 INFO:服务端向用户wuyanqing2向服务端发送了一条消息
2021/08/10 11:04:10 INFO:用户wuyanqing向服务端发送了一条消息，Msg:Ping,Type:2
2021/08/10 11:04:10 INFO:用户wuyanqing向服务端发送了一条消息，Msg:是我，你爹！快打钱！,Type:5
2021/08/10 11:04:10 INFO:服务端向用户wuyanqing向服务端发送了一条消息
2021/08/10 11:04:10 INFO:服务端向用户wuyanqing向服务端发送了一条消息
2021/08/10 11:04:10 INFO:用户wuyanqing2向服务端发送了一条消息，Msg:是我，你爹！快打钱！,Type:5
2021/08/10 11:04:10 INFO:服务端向用户wuyanqing2向服务端发送了一条消息
2021/08/10 11:04:10 INFO:用户wuyanqing2向服务端发送了一条消息，Msg:Ping,Type:2
2021/08/10 11:04:10 INFO:服务端向用户wuyanqing2向服务端发送了一条消息
2021/08/10 11:04:11 INFO:用户wuyanqing向服务端发送了一条消息，Msg:是我，你爹！快打钱！,Type:5
2021/08/10 11:04:11 INFO:服务端向用户wuyanqing向服务端发送了一条消息
2021/08/10 11:04:11 INFO:用户wuyanqing2向服务端发送了一条消息，Msg:是我，你爹！快打钱！,Type:5
2021/08/10 11:04:11 INFO:服务端向用户wuyanqing2向服务端发送了一条消息
2021/08/10 11:04:12 INFO:用户wuyanqing向服务端发送了一条消息，Msg:Ping,Type:2
2021/08/10 11:04:12 INFO:用户wuyanqing向服务端发送了一条消息，Msg:是我，你爹！快打钱！,Type:5
2021/08/10 11:04:12 INFO:服务端向用户wuyanqing向服务端发送了一条消息
2021/08/10 11:04:12 INFO:服务端向用户wuyanqing向服务端发送了一条消息
2021/08/10 11:04:12 INFO:用户wuyanqing2向服务端发送了一条消息，Msg:是我，你爹！快打钱！,Type:5
2021/08/10 11:04:12 INFO:用户wuyanqing2向服务端发送了一条消息，Msg:Ping,Type:2
2021/08/10 11:04:12 INFO:服务端向用户wuyanqing2向服务端发送了一条消息
2021/08/10 11:04:12 INFO:服务端向用户wuyanqing2向服务端发送了一条消息
2021/08/10 11:04:13 INFO:用户wuyanqing向服务端发送了一条消息，Msg:是我，你爹！快打钱！,Type:5
2021/08/10 11:04:13 INFO:服务端向用户wuyanqing向服务端发送了一条消息
2021/08/10 11:04:13 INFO:用户wuyanqing2向服务端发送了一条消息，Msg:是我，你爹！快打钱！,Type:5
2021/08/10 11:04:13 INFO:服务端向用户wuyanqing2向服务端发送了一条消息
2021/08/10 11:04:14 INFO:用户wuyanqing向服务端发送了一条消息，Msg:Ping,Type:2
2021/08/10 11:04:14 INFO:服务端向用户wuyanqing向服务端发送了一条消息
2021/08/10 11:04:14 INFO:用户wuyanqing向服务端发送了一条消息，Msg:是我，你爹！快打钱！,Type:5
2021/08/10 11:04:14 INFO:服务端向用户wuyanqing向服务端发送了一条消息
2021/08/10 11:04:14 INFO:用户wuyanqing2向服务端发送了一条消息，Msg:Ping,Type:2
2021/08/10 11:04:14 INFO:用户wuyanqing2向服务端发送了一条消息，Msg:是我，你爹！快打钱！,Type:5
2021/08/10 11:04:14 INFO:服务端向用户wuyanqing2向服务端发送了一条消息
2021/08/10 11:04:14 INFO:服务端向用户wuyanqing2向服务端发送了一条消息
2021/08/10 11:04:15 INFO:用户wuyanqing向服务端发送了一条消息，Msg:是我，你爹！快打钱！,Type:5
2021/08/10 11:04:15 INFO:服务端向用户wuyanqing向服务端发送了一条消息
2021/08/10 11:04:15 INFO:用户wuyanqing2向服务端发送了一条消息，Msg:是我，你爹！快打钱！,Type:5
2021/08/10 11:04:15 INFO:服务端向用户wuyanqing2向服务端发送了一条消息
2021/08/10 11:04:16 INFO:用户wuyanqing向服务端发送了一条消息，Msg:Ping,Type:2
2021/08/10 11:04:16 INFO:用户wuyanqing向服务端发送了一条消息，Msg:是我，你爹！快打钱！,Type:5
2021/08/10 11:04:16 INFO:服务端向用户wuyanqing向服务端发送了一条消息
2021/08/10 11:04:16 INFO:服务端向用户wuyanqing向服务端发送了一条消息
2021/08/10 11:04:16 INFO:用户wuyanqing2向服务端发送了一条消息，Msg:是我，你爹！快打钱！,Type:5
2021/08/10 11:04:16 INFO:用户wuyanqing2向服务端发送了一条消息，Msg:Ping,Type:2
2021/08/10 11:04:16 INFO:服务端向用户wuyanqing2向服务端发送了一条消息
2021/08/10 11:04:16 INFO:服务端向用户wuyanqing2向服务端发送了一条消息
2021/08/10 11:04:17 INFO:用户wuyanqing向服务端发送了一条消息，Msg:是我，你爹！快打钱！,Type:5
2021/08/10 11:04:17 INFO:服务端向用户wuyanqing向服务端发送了一条消息
2021/08/10 11:04:17 INFO:用户wuyanqing2向服务端发送了一条消息，Msg:是我，你爹！快打钱！,Type:5
2021/08/10 11:04:17 INFO:服务端向用户wuyanqing2向服务端发送了一条消息
2021/08/10 11:04:18 INFO:用户wuyanqing向服务端发送了一条消息，Msg:Ping,Type:2
2021/08/10 11:04:18 INFO:用户wuyanqing向服务端发送了一条消息，Msg:是我，你爹！快打钱！,Type:5
2021/08/10 11:04:18 INFO:服务端向用户wuyanqing向服务端发送了一条消息
2021/08/10 11:04:18 INFO:服务端向用户wuyanqing向服务端发送了一条消息
2021/08/10 11:04:18 INFO:用户wuyanqing2向服务端发送了一条消息，Msg:Ping,Type:2
2021/08/10 11:04:18 INFO:用户wuyanqing2向服务端发送了一条消息，Msg:是我，你爹！快打钱！,Type:5
2021/08/10 11:04:18 INFO:服务端向用户wuyanqing2向服务端发送了一条消息
2021/08/10 11:04:18 INFO:服务端向用户wuyanqing2向服务端发送了一条消息
2021/08/10 11:04:19 INFO:用户wuyanqing向服务端发送了一条消息，Msg:是我，你爹！快打钱！,Type:5
2021/08/10 11:04:19 INFO:服务端向用户wuyanqing向服务端发送了一条消息
2021/08/10 11:04:19 INFO:用户wuyanqing2向服务端发送了一条消息，Msg:是我，你爹！快打钱！,Type:5
2021/08/10 11:04:19 INFO:服务端向用户wuyanqing2向服务端发送了一条消息
2021/08/10 11:04:20 INFO:用户wuyanqing向服务端发送了一条消息，Msg:Ping,Type:2
2021/08/10 11:04:20 INFO:用户wuyanqing向服务端发送了一条消息，Msg:是我，你爹！快打钱！,Type:5
2021/08/10 11:04:20 INFO:服务端向用户wuyanqing向服务端发送了一条消息
2021/08/10 11:04:20 INFO:服务端向用户wuyanqing向服务端发送了一条消息
2021/08/10 11:04:20 INFO:用户wuyanqing2向服务端发送了一条消息，Msg:Ping,Type:2
2021/08/10 11:04:20 INFO:用户wuyanqing2向服务端发送了一条消息，Msg:是我，你爹！快打钱！,Type:5
2021/08/10 11:04:20 INFO:服务端向用户wuyanqing2向服务端发送了一条消息
2021/08/10 11:04:20 INFO:服务端向用户wuyanqing2向服务端发送了一条消息
2021/08/10 11:04:21 INFO:用户wuyanqing向服务端发送了一条消息，Msg:是我，你爹！快打钱！,Type:5
2021/08/10 11:04:21 INFO:服务端向用户wuyanqing向服务端发送了一条消息
2021/08/10 11:04:21 INFO:用户wuyanqing2向服务端发送了一条消息，Msg:是我，你爹！快打钱！,Type:5
2021/08/10 11:04:21 INFO:服务端向用户wuyanqing2向服务端发送了一条消息
2021/08/10 11:04:22 INFO:用户wuyanqing向服务端发送了一条消息，Msg:Ping,Type:2
2021/08/10 11:04:22 INFO:用户wuyanqing向服务端发送了一条消息，Msg:是我，你爹！快打钱！,Type:5
2021/08/10 11:04:22 INFO:服务端向用户wuyanqing向服务端发送了一条消息
2021/08/10 11:04:22 INFO:服务端向用户wuyanqing向服务端发送了一条消息
2021/08/10 11:04:22 INFO:用户wuyanqing2向服务端发送了一条消息，Msg:是我，你爹！快打钱！,Type:5
2021/08/10 11:04:22 INFO:用户wuyanqing2向服务端发送了一条消息，Msg:Ping,Type:2
2021/08/10 11:04:22 INFO:服务端向用户wuyanqing2向服务端发送了一条消息
2021/08/10 11:04:22 INFO:服务端向用户wuyanqing2向服务端发送了一条消息
2021/08/10 11:04:23 INFO:用户wuyanqing向服务端发送了一条消息，Msg:是我，你爹！快打钱！,Type:5
2021/08/10 11:04:23 INFO:服务端向用户wuyanqing向服务端发送了一条消息
2021/08/10 11:04:23 INFO:用户wuyanqing2向服务端发送了一条消息，Msg:是我，你爹！快打钱！,Type:5
2021/08/10 11:04:23 INFO:服务端向用户wuyanqing2向服务端发送了一条消息
2021/08/10 11:04:24 INFO:用户wuyanqing向服务端发送了一条消息，Msg:Ping,Type:2
2021/08/10 11:04:24 INFO:服务端向用户wuyanqing向服务端发送了一条消息
2021/08/10 11:04:24 INFO:用户wuyanqing向服务端发送了一条消息，Msg:是我，你爹！快打钱！,Type:5
2021/08/10 11:04:24 INFO:服务端向用户wuyanqing向服务端发送了一条消息
2021/08/10 11:04:24 INFO:用户wuyanqing2向服务端发送了一条消息，Msg:Ping,Type:2
2021/08/10 11:04:24 INFO:用户wuyanqing2向服务端发送了一条消息，Msg:是我，你爹！快打钱！,Type:5
2021/08/10 11:04:24 INFO:服务端向用户wuyanqing2向服务端发送了一条消息
2021/08/10 11:04:24 INFO:服务端向用户wuyanqing2向服务端发送了一条消息
2021/08/10 11:04:25 INFO:用户wuyanqing向服务端发送了一条消息，Msg:是我，你爹！快打钱！,Type:5
2021/08/10 11:04:25 INFO:服务端向用户wuyanqing向服务端发送了一条消息
2021/08/10 11:04:25 INFO:用户wuyanqing2向服务端发送了一条消息，Msg:是我，你爹！快打钱！,Type:5
2021/08/10 11:04:25 INFO:服务端向用户wuyanqing2向服务端发送了一条消息
2021/08/10 11:04:26 INFO:用户wuyanqing向服务端发送了一条消息，Msg:Ping,Type:2
2021/08/10 11:04:26 INFO:用户wuyanqing向服务端发送了一条消息，Msg:是我，你爹！快打钱！,Type:5
2021/08/10 11:04:26 INFO:服务端向用户wuyanqing向服务端发送了一条消息
2021/08/10 11:04:26 INFO:服务端向用户wuyanqing向服务端发送了一条消息
2021/08/10 11:04:26 INFO:用户wuyanqing2向服务端发送了一条消息，Msg:是我，你爹！快打钱！,Type:5
2021/08/10 11:04:26 INFO:用户wuyanqing2向服务端发送了一条消息，Msg:Ping,Type:2
2021/08/10 11:04:26 INFO:服务端向用户wuyanqing2向服务端发送了一条消息
2021/08/10 11:04:26 INFO:服务端向用户wuyanqing2向服务端发送了一条消息
2021/08/10 11:04:27 INFO:用户wuyanqing向服务端发送了一条消息，Msg:是我，你爹！快打钱！,Type:5
2021/08/10 11:04:27 INFO:服务端向用户wuyanqing向服务端发送了一条消息
2021/08/10 11:04:27 INFO:用户wuyanqing2向服务端发送了一条消息，Msg:是我，你爹！快打钱！,Type:5
2021/08/10 11:04:27 INFO:服务端向用户wuyanqing2向服务端发送了一条消息
2021/08/10 11:04:28 INFO:用户wuyanqing向服务端发送了一条消息，Msg:Ping,Type:2
2021/08/10 11:04:28 INFO:用户wuyanqing向服务端发送了一条消息，Msg:是我，你爹！快打钱！,Type:5
2021/08/10 11:04:28 INFO:服务端向用户wuyanqing向服务端发送了一条消息
2021/08/10 11:04:28 INFO:服务端向用户wuyanqing向服务端发送了一条消息
2021/08/10 11:04:28 INFO:用户wuyanqing2向服务端发送了一条消息，Msg:是我，你爹！快打钱！,Type:5
2021/08/10 11:04:28 INFO:用户wuyanqing2向服务端发送了一条消息，Msg:Ping,Type:2
2021/08/10 11:04:28 INFO:服务端向用户wuyanqing2向服务端发送了一条消息
2021/08/10 11:04:28 INFO:服务端向用户wuyanqing2向服务端发送了一条消息
2021/08/10 11:04:29 INFO:用户wuyanqing向服务端发送了一条消息，Msg:是我，你爹！快打钱！,Type:5
2021/08/10 11:04:29 INFO:服务端向用户wuyanqing向服务端发送了一条消息
2021/08/10 11:04:29 INFO:用户wuyanqing2向服务端发送了一条消息，Msg:是我，你爹！快打钱！,Type:5
2021/08/10 11:04:29 INFO:服务端向用户wuyanqing2向服务端发送了一条消息
2021/08/10 11:04:30 INFO:用户wuyanqing向服务端发送了一条消息，Msg:Ping,Type:2
2021/08/10 11:04:30 INFO:用户wuyanqing向服务端发送了一条消息，Msg:是我，你爹！快打钱！,Type:5
2021/08/10 11:04:30 INFO:服务端向用户wuyanqing向服务端发送了一条消息
2021/08/10 11:04:30 INFO:服务端向用户wuyanqing向服务端发送了一条消息
2021/08/10 11:04:30 INFO:用户wuyanqing2向服务端发送了一条消息，Msg:Ping,Type:2
2021/08/10 11:04:30 INFO:用户wuyanqing2向服务端发送了一条消息，Msg:是我，你爹！快打钱！,Type:5
2021/08/10 11:04:30 INFO:服务端向用户wuyanqing2向服务端发送了一条消息
2021/08/10 11:04:30 INFO:服务端向用户wuyanqing2向服务端发送了一条消息
2021/08/10 11:04:31 INFO:用户wuyanqing向服务端发送了一条消息，Msg:是我，你爹！快打钱！,Type:5
2021/08/10 11:04:31 INFO:服务端向用户wuyanqing向服务端发送了一条消息
2021/08/10 11:04:31 INFO:用户wuyanqing2向服务端发送了一条消息，Msg:是我，你爹！快打钱！,Type:5
2021/08/10 11:04:31 INFO:服务端向用户wuyanqing2向服务端发送了一条消息
2021/08/10 11:04:32 INFO:用户wuyanqing向服务端发送了一条消息，Msg:Ping,Type:2
2021/08/10 11:04:32 INFO:用户wuyanqing向服务端发送了一条消息，Msg:是我，你爹！快打钱！,Type:5
2021/08/10 11:04:32 INFO:服务端向用户wuyanqing向服务端发送了一条消息
2021/08/10 11:04:32 INFO:服务端向用户wuyanqing向服务端发送了一条消息
2021/08/10 11:04:32 INFO:用户wuyanqing2向服务端发送了一条消息，Msg:Ping,Type:2
2021/08/10 11:04:32 INFO:用户wuyanqing2向服务端发送了一条消息，Msg:是我，你爹！快打钱！,Type:5
2021/08/10 11:04:32 INFO:服务端向用户wuyanqing2向服务端发送了一条消息
2021/08/10 11:04:32 INFO:服务端向用户wuyanqing2向服务端发送了一条消息
2021/08/10 11:04:33 INFO:用户wuyanqing向服务端发送了一条消息，Msg:是我，你爹！快打钱！,Type:5
2021/08/10 11:04:33 INFO:服务端向用户wuyanqing向服务端发送了一条消息
2021/08/10 11:04:33 INFO:用户wuyanqing2向服务端发送了一条消息，Msg:是我，你爹！快打钱！,Type:5
2021/08/10 11:04:33 INFO:服务端向用户wuyanqing2向服务端发送了一条消息
2021/08/10 11:04:34 INFO:用户wuyanqing向服务端发送了一条消息，Msg:Ping,Type:2
2021/08/10 11:04:34 INFO:用户wuyanqing向服务端发送了一条消息，Msg:是我，你爹！快打钱！,Type:5
2021/08/10 11:04:34 INFO:服务端向用户wuyanqing向服务端发送了一条消息
2021/08/10 11:04:34 INFO:服务端向用户wuyanqing向服务端发送了一条消息
2021/08/10 11:04:34 INFO:用户wuyanqing2向服务端发送了一条消息，Msg:Ping,Type:2
2021/08/10 11:04:34 INFO:用户wuyanqing2向服务端发送了一条消息，Msg:是我，你爹！快打钱！,Type:5
2021/08/10 11:04:34 INFO:服务端向用户wuyanqing2向服务端发送了一条消息
2021/08/10 11:04:34 INFO:服务端向用户wuyanqing2向服务端发送了一条消息
2021/08/10 11:04:35 INFO:用户wuyanqing向服务端发送了一条消息，Msg:是我，你爹！快打钱！,Type:5
2021/08/10 11:04:35 INFO:服务端向用户wuyanqing向服务端发送了一条消息
2021/08/10 11:04:35 INFO:用户wuyanqing2向服务端发送了一条消息，Msg:是我，你爹！快打钱！,Type:5
2021/08/10 11:04:35 INFO:服务端向用户wuyanqing2向服务端发送了一条消息
2021/08/10 11:04:36 INFO:用户wuyanqing向服务端发送了一条消息，Msg:Ping,Type:2
2021/08/10 11:04:36 INFO:用户wuyanqing向服务端发送了一条消息，Msg:是我，你爹！快打钱！,Type:5
2021/08/10 11:04:36 INFO:服务端向用户wuyanqing向服务端发送了一条消息
2021/08/10 11:04:36 INFO:服务端向用户wuyanqing向服务端发送了一条消息
2021/08/10 11:04:36 INFO:用户wuyanqing2向服务端发送了一条消息，Msg:Ping,Type:2
2021/08/10 11:04:36 INFO:用户wuyanqing2向服务端发送了一条消息，Msg:是我，你爹！快打钱！,Type:5
2021/08/10 11:04:36 INFO:服务端向用户wuyanqing2向服务端发送了一条消息
2021/08/10 11:04:36 INFO:服务端向用户wuyanqing2向服务端发送了一条消息
2021/08/10 11:04:37 INFO:用户wuyanqing向服务端发送了一条消息，Msg:是我，你爹！快打钱！,Type:5
2021/08/10 11:04:37 INFO:服务端向用户wuyanqing向服务端发送了一条消息
2021/08/10 11:04:37 INFO:用户wuyanqing2向服务端发送了一条消息，Msg:是我，你爹！快打钱！,Type:5
2021/08/10 11:04:37 INFO:服务端向用户wuyanqing2向服务端发送了一条消息
2021/08/10 11:04:38 INFO:用户wuyanqing向服务端发送了一条消息，Msg:Ping,Type:2
2021/08/10 11:04:38 INFO:用户wuyanqing向服务端发送了一条消息，Msg:是我，你爹！快打钱！,Type:5
2021/08/10 11:04:38 INFO:服务端向用户wuyanqing向服务端发送了一条消息
2021/08/10 11:04:38 INFO:服务端向用户wuyanqing向服务端发送了一条消息
2021/08/10 11:04:38 INFO:用户wuyanqing2向服务端发送了一条消息，Msg:是我，你爹！快打钱！,Type:5
2021/08/10 11:04:38 INFO:用户wuyanqing2向服务端发送了一条消息，Msg:Ping,Type:2
2021/08/10 11:04:38 INFO:服务端向用户wuyanqing2向服务端发送了一条消息
2021/08/10 11:04:38 INFO:服务端向用户wuyanqing2向服务端发送了一条消息
2021/08/10 11:04:39 INFO:用户wuyanqing向服务端发送了一条消息，Msg:是我，你爹！快打钱！,Type:5
2021/08/10 11:04:39 INFO:服务端向用户wuyanqing向服务端发送了一条消息
2021/08/10 11:04:39 INFO:用户wuyanqing2向服务端发送了一条消息，Msg:是我，你爹！快打钱！,Type:5
2021/08/10 11:04:39 INFO:服务端向用户wuyanqing2向服务端发送了一条消息
2021/08/10 11:04:40 INFO:用户wuyanqing向服务端发送了一条消息，Msg:Ping,Type:2
2021/08/10 11:04:40 INFO:用户wuyanqing向服务端发送了一条消息，Msg:是我，你爹！快打钱！,Type:5
2021/08/10 11:04:40 INFO:服务端向用户wuyanqing向服务端发送了一条消息
2021/08/10 11:04:40 INFO:服务端向用户wuyanqing向服务端发送了一条消息
2021/08/10 11:04:40 INFO:用户wuyanqing2向服务端发送了一条消息，Msg:是我，你爹！快打钱！,Type:5
2021/08/10 11:04:40 INFO:用户wuyanqing2向服务端发送了一条消息，Msg:Ping,Type:2
2021/08/10 11:04:40 INFO:服务端向用户wuyanqing2向服务端发送了一条消息
2021/08/10 11:04:40 INFO:服务端向用户wuyanqing2向服务端发送了一条消息
2021/08/10 11:04:41 INFO:用户wuyanqing向服务端发送了一条消息，Msg:是我，你爹！快打钱！,Type:5
2021/08/10 11:04:41 INFO:服务端向用户wuyanqing向服务端发送了一条消息
2021/08/10 11:04:41 INFO:用户wuyanqing2向服务端发送了一条消息，Msg:是我，你爹！快打钱！,Type:5
2021/08/10 11:04:41 INFO:服务端向用户wuyanqing2向服务端发送了一条消息
2021/08/10 11:04:42 INFO:用户wuyanqing向服务端发送了一条消息，Msg:Ping,Type:2
2021/08/10 11:04:42 INFO:用户wuyanqing向服务端发送了一条消息，Msg:是我，你爹！快打钱！,Type:5
2021/08/10 11:04:42 INFO:服务端向用户wuyanqing向服务端发送了一条消息
2021/08/10 11:04:42 INFO:服务端向用户wuyanqing向服务端发送了一条消息
2021/08/10 11:04:42 INFO:用户wuyanqing2向服务端发送了一条消息，Msg:是我，你爹！快打钱！,Type:5
2021/08/10 11:04:42 INFO:用户wuyanqing2向服务端发送了一条消息，Msg:Ping,Type:2
2021/08/10 11:04:42 INFO:服务端向用户wuyanqing2向服务端发送了一条消息
2021/08/10 11:04:42 INFO:服务端向用户wuyanqing2向服务端发送了一条消息
2021/08/10 11:04:42 INFO:wuyanqing3用户连接
2021/08/10 11:04:42 INFO：wuyanqing3发送登陆消息
2021/08/10 11:04:42 INFO:服务端向用户wuyanqing2向服务端发送了一条消息
2021/08/10 11:04:42 INFO:服务端向用户wuyanqing3向服务端发送了一条消息
2021/08/10 11:04:42 INFO:服务端向用户wuyanqing向服务端发送了一条消息
2021/08/10 11:04:42 INFO:用户wuyanqing3向服务端发送了一条消息，Msg:Ping,Type:2
2021/08/10 11:04:42 INFO:服务端向用户wuyanqing3向服务端发送了一条消息
2021/08/10 11:04:42 INFO:用户wuyanqing3向服务端发送了一条消息，Msg:是我，你爹！快打钱！,Type:5
2021/08/10 11:04:42 INFO:服务端向用户wuyanqing3向服务端发送了一条消息
2021/08/10 11:04:43 INFO:用户wuyanqing向服务端发送了一条消息，Msg:是我，你爹！快打钱！,Type:5
2021/08/10 11:04:43 INFO:服务端向用户wuyanqing向服务端发送了一条消息
2021/08/10 11:04:43 INFO:用户wuyanqing2向服务端发送了一条消息，Msg:是我，你爹！快打钱！,Type:5
2021/08/10 11:04:43 INFO:服务端向用户wuyanqing2向服务端发送了一条消息
2021/08/10 11:04:43 INFO:用户wuyanqing3向服务端发送了一条消息，Msg:是我，你爹！快打钱！,Type:5
2021/08/10 11:04:43 INFO:服务端向用户wuyanqing3向服务端发送了一条消息
2021/08/10 11:04:44 INFO:用户wuyanqing向服务端发送了一条消息，Msg:Ping,Type:2
2021/08/10 11:04:44 INFO:用户wuyanqing向服务端发送了一条消息，Msg:是我，你爹！快打钱！,Type:5
2021/08/10 11:04:44 INFO:服务端向用户wuyanqing向服务端发送了一条消息
2021/08/10 11:04:44 INFO:服务端向用户wuyanqing向服务端发送了一条消息
2021/08/10 11:04:44 INFO:用户wuyanqing2向服务端发送了一条消息，Msg:Ping,Type:2
2021/08/10 11:04:44 INFO:用户wuyanqing2向服务端发送了一条消息，Msg:是我，你爹！快打钱！,Type:5
2021/08/10 11:04:44 INFO:服务端向用户wuyanqing2向服务端发送了一条消息
2021/08/10 11:04:44 INFO:服务端向用户wuyanqing2向服务端发送了一条消息
2021/08/10 11:04:44 INFO:用户wuyanqing3向服务端发送了一条消息，Msg:Ping,Type:2
2021/08/10 11:04:44 INFO:用户wuyanqing3向服务端发送了一条消息，Msg:是我，你爹！快打钱！,Type:5
2021/08/10 11:04:44 INFO:服务端向用户wuyanqing3向服务端发送了一条消息
2021/08/10 11:04:44 INFO:服务端向用户wuyanqing3向服务端发送了一条消息
2021/08/10 11:04:45 INFO:用户wuyanqing向服务端发送了一条消息，Msg:是我，你爹！快打钱！,Type:5
2021/08/10 11:04:45 INFO:服务端向用户wuyanqing向服务端发送了一条消息
2021/08/10 11:04:45 INFO:用户wuyanqing2向服务端发送了一条消息，Msg:是我，你爹！快打钱！,Type:5
2021/08/10 11:04:45 INFO:服务端向用户wuyanqing2向服务端发送了一条消息
2021/08/10 11:04:45 INFO:用户wuyanqing3向服务端发送了一条消息，Msg:是我，你爹！快打钱！,Type:5
2021/08/10 11:04:45 INFO:服务端向用户wuyanqing3向服务端发送了一条消息
2021/08/10 11:04:46 INFO:用户wuyanqing向服务端发送了一条消息，Msg:Ping,Type:2
2021/08/10 11:04:46 INFO:用户wuyanqing向服务端发送了一条消息，Msg:是我，你爹！快打钱！,Type:5
2021/08/10 11:04:46 INFO:服务端向用户wuyanqing向服务端发送了一条消息
2021/08/10 11:04:46 INFO:服务端向用户wuyanqing向服务端发送了一条消息
2021/08/10 11:04:46 INFO:用户wuyanqing2向服务端发送了一条消息，Msg:是我，你爹！快打钱！,Type:5
2021/08/10 11:04:46 INFO:用户wuyanqing2向服务端发送了一条消息，Msg:Ping,Type:2
2021/08/10 11:04:46 INFO:服务端向用户wuyanqing2向服务端发送了一条消息
2021/08/10 11:04:46 INFO:服务端向用户wuyanqing2向服务端发送了一条消息
2021/08/10 11:04:46 INFO:用户wuyanqing3向服务端发送了一条消息，Msg:Ping,Type:2
2021/08/10 11:04:46 INFO:用户wuyanqing3向服务端发送了一条消息，Msg:是我，你爹！快打钱！,Type:5
2021/08/10 11:04:46 INFO:服务端向用户wuyanqing3向服务端发送了一条消息
2021/08/10 11:04:46 INFO:服务端向用户wuyanqing3向服务端发送了一条消息
2021/08/10 11:04:47 INFO:用户wuyanqing向服务端发送了一条消息，Msg:是我，你爹！快打钱！,Type:5
2021/08/10 11:04:47 INFO:服务端向用户wuyanqing向服务端发送了一条消息
2021/08/10 11:04:47 INFO:用户wuyanqing2向服务端发送了一条消息，Msg:是我，你爹！快打钱！,Type:5
2021/08/10 11:04:47 INFO:服务端向用户wuyanqing2向服务端发送了一条消息
2021/08/10 11:04:47 INFO:用户wuyanqing3向服务端发送了一条消息，Msg:是我，你爹！快打钱！,Type:5
2021/08/10 11:04:47 INFO:服务端向用户wuyanqing3向服务端发送了一条消息
2021/08/10 11:04:48 INFO:用户wuyanqing3向服务端发送了一条消息，Msg:dfd,Type:1
2021/08/10 11:04:48 INFO：发送广播消息
2021/08/10 11:04:48 INFO:服务端向用户wuyanqing3向服务端发送了一条消息
2021/08/10 11:04:48 INFO:服务端向用户wuyanqing向服务端发送了一条消息
2021/08/10 11:04:48 INFO:服务端向用户wuyanqing2向服务端发送了一条消息
2021/08/10 11:04:48 INFO:用户wuyanqing向服务端发送了一条消息，Msg:Ping,Type:2
2021/08/10 11:04:48 INFO:用户wuyanqing向服务端发送了一条消息，Msg:是我，你爹！快打钱！,Type:5
2021/08/10 11:04:48 INFO:服务端向用户wuyanqing向服务端发送了一条消息
2021/08/10 11:04:48 INFO:服务端向用户wuyanqing向服务端发送了一条消息
2021/08/10 11:04:48 INFO:用户wuyanqing2向服务端发送了一条消息，Msg:Ping,Type:2
2021/08/10 11:04:48 INFO:用户wuyanqing2向服务端发送了一条消息，Msg:是我，你爹！快打钱！,Type:5
2021/08/10 11:04:48 INFO:服务端向用户wuyanqing2向服务端发送了一条消息
2021/08/10 11:04:48 INFO:服务端向用户wuyanqing2向服务端发送了一条消息
2021/08/10 11:04:48 INFO:用户wuyanqing3向服务端发送了一条消息，Msg:Ping,Type:2
2021/08/10 11:04:48 INFO:用户wuyanqing3向服务端发送了一条消息，Msg:是我，你爹！快打钱！,Type:5
2021/08/10 11:04:48 INFO:服务端向用户wuyanqing3向服务端发送了一条消息
2021/08/10 11:04:48 INFO:服务端向用户wuyanqing3向服务端发送了一条消息
2021/08/10 11:04:49 INFO:用户wuyanqing向服务端发送了一条消息，Msg:是我，你爹！快打钱！,Type:5
2021/08/10 11:04:49 INFO:服务端向用户wuyanqing向服务端发送了一条消息
2021/08/10 11:04:49 INFO:用户wuyanqing2向服务端发送了一条消息，Msg:是我，你爹！快打钱！,Type:5
2021/08/10 11:04:49 INFO:服务端向用户wuyanqing2向服务端发送了一条消息
2021/08/10 11:04:49 INFO:用户wuyanqing3向服务端发送了一条消息，Msg:是我，你爹！快打钱！,Type:5
2021/08/10 11:04:49 INFO:服务端向用户wuyanqing3向服务端发送了一条消息
2021/08/10 11:04:50 INFO:用户wuyanqing向服务端发送了一条消息，Msg:Ping,Type:2
2021/08/10 11:04:50 INFO:用户wuyanqing向服务端发送了一条消息，Msg:是我，你爹！快打钱！,Type:5
2021/08/10 11:04:50 INFO:服务端向用户wuyanqing向服务端发送了一条消息
2021/08/10 11:04:50 INFO:服务端向用户wuyanqing向服务端发送了一条消息
2021/08/10 11:04:50 INFO:用户wuyanqing2向服务端发送了一条消息，Msg:是我，你爹！快打钱！,Type:5
2021/08/10 11:04:50 INFO:用户wuyanqing2向服务端发送了一条消息，Msg:Ping,Type:2
2021/08/10 11:04:50 INFO:服务端向用户wuyanqing2向服务端发送了一条消息
2021/08/10 11:04:50 INFO:服务端向用户wuyanqing2向服务端发送了一条消息
2021/08/10 11:04:50 INFO:用户wuyanqing3向服务端发送了一条消息，Msg:Ping,Type:2
2021/08/10 11:04:50 INFO:用户wuyanqing3向服务端发送了一条消息，Msg:是我，你爹！快打钱！,Type:5
2021/08/10 11:04:50 INFO:服务端向用户wuyanqing3向服务端发送了一条消息
2021/08/10 11:04:50 INFO:服务端向用户wuyanqing3向服务端发送了一条消息
2021/08/10 11:04:51 INFO:用户wuyanqing向服务端发送了一条消息，Msg:是我，你爹！快打钱！,Type:5
2021/08/10 11:04:51 INFO:服务端向用户wuyanqing向服务端发送了一条消息
2021/08/10 11:04:51 INFO:用户wuyanqing2向服务端发送了一条消息，Msg:是我，你爹！快打钱！,Type:5
2021/08/10 11:04:51 INFO:服务端向用户wuyanqing2向服务端发送了一条消息
2021/08/10 11:04:51 INFO:用户wuyanqing3向服务端发送了一条消息，Msg:是我，你爹！快打钱！,Type:5
2021/08/10 11:04:51 INFO:服务端向用户wuyanqing3向服务端发送了一条消息
2021/08/10 11:04:52 INFO:用户wuyanqing向服务端发送了一条消息，Msg:Ping,Type:2
2021/08/10 11:04:52 INFO:用户wuyanqing向服务端发送了一条消息，Msg:是我，你爹！快打钱！,Type:5
2021/08/10 11:04:52 INFO:服务端向用户wuyanqing向服务端发送了一条消息
2021/08/10 11:04:52 INFO:服务端向用户wuyanqing向服务端发送了一条消息
2021/08/10 11:04:52 INFO:用户wuyanqing2向服务端发送了一条消息，Msg:Ping,Type:2
2021/08/10 11:04:52 INFO:用户wuyanqing2向服务端发送了一条消息，Msg:是我，你爹！快打钱！,Type:5
2021/08/10 11:04:52 INFO:服务端向用户wuyanqing2向服务端发送了一条消息
2021/08/10 11:04:52 INFO:服务端向用户wuyanqing2向服务端发送了一条消息
2021/08/10 11:04:52 INFO:用户wuyanqing3向服务端发送了一条消息，Msg:Ping,Type:2
2021/08/10 11:04:52 INFO:用户wuyanqing3向服务端发送了一条消息，Msg:是我，你爹！快打钱！,Type:5
2021/08/10 11:04:52 INFO:服务端向用户wuyanqing3向服务端发送了一条消息
2021/08/10 11:04:52 INFO:服务端向用户wuyanqing3向服务端发送了一条消息
2021/08/10 11:04:53 INFO:用户wuyanqing向服务端发送了一条消息，Msg:是我，你爹！快打钱！,Type:5
2021/08/10 11:04:53 INFO:服务端向用户wuyanqing向服务端发送了一条消息
2021/08/10 11:04:53 INFO:用户wuyanqing2向服务端发送了一条消息，Msg:是我，你爹！快打钱！,Type:5
2021/08/10 11:04:53 INFO:服务端向用户wuyanqing2向服务端发送了一条消息
2021/08/10 11:04:53 INFO:用户wuyanqing3向服务端发送了一条消息，Msg:是我，你爹！快打钱！,Type:5
2021/08/10 11:04:53 INFO:服务端向用户wuyanqing3向服务端发送了一条消息
2021/08/10 11:04:54 INFO:用户wuyanqing2向服务端发送了一条消息，Msg:as,Type:1
2021/08/10 11:04:54 INFO：发送广播消息
2021/08/10 11:04:54 INFO:服务端向用户wuyanqing3向服务端发送了一条消息
2021/08/10 11:04:54 INFO:服务端向用户wuyanqing向服务端发送了一条消息
2021/08/10 11:04:54 INFO:服务端向用户wuyanqing2向服务端发送了一条消息
2021/08/10 11:04:54 INFO:用户wuyanqing向服务端发送了一条消息，Msg:Ping,Type:2
2021/08/10 11:04:54 INFO:用户wuyanqing向服务端发送了一条消息，Msg:是我，你爹！快打钱！,Type:5
2021/08/10 11:04:54 INFO:服务端向用户wuyanqing向服务端发送了一条消息
2021/08/10 11:04:54 INFO:服务端向用户wuyanqing向服务端发送了一条消息
2021/08/10 11:04:54 INFO:用户wuyanqing2向服务端发送了一条消息，Msg:是我，你爹！快打钱！,Type:5
2021/08/10 11:04:54 INFO:用户wuyanqing2向服务端发送了一条消息，Msg:Ping,Type:2
2021/08/10 11:04:54 INFO:服务端向用户wuyanqing2向服务端发送了一条消息
2021/08/10 11:04:54 INFO:服务端向用户wuyanqing2向服务端发送了一条消息
2021/08/10 11:04:54 INFO:用户wuyanqing3向服务端发送了一条消息，Msg:Ping,Type:2
2021/08/10 11:04:54 INFO:用户wuyanqing3向服务端发送了一条消息，Msg:是我，你爹！快打钱！,Type:5
2021/08/10 11:04:54 INFO:服务端向用户wuyanqing3向服务端发送了一条消息
2021/08/10 11:04:54 INFO:服务端向用户wuyanqing3向服务端发送了一条消息
2021/08/10 11:04:55 INFO:用户wuyanqing2向服务端发送了一条消息，Msg:,Type:1
2021/08/10 11:04:55 INFO：发送广播消息
2021/08/10 11:04:55 INFO:服务端向用户wuyanqing2向服务端发送了一条消息
2021/08/10 11:04:55 INFO:服务端向用户wuyanqing3向服务端发送了一条消息
2021/08/10 11:04:55 INFO:服务端向用户wuyanqing向服务端发送了一条消息
2021/08/10 11:04:55 INFO:用户wuyanqing向服务端发送了一条消息，Msg:是我，你爹！快打钱！,Type:5
2021/08/10 11:04:55 INFO:服务端向用户wuyanqing向服务端发送了一条消息
2021/08/10 11:04:55 INFO:用户wuyanqing2向服务端发送了一条消息，Msg:是我，你爹！快打钱！,Type:5
2021/08/10 11:04:55 INFO:服务端向用户wuyanqing2向服务端发送了一条消息
2021/08/10 11:04:55 INFO:用户wuyanqing3向服务端发送了一条消息，Msg:是我，你爹！快打钱！,Type:5
2021/08/10 11:04:55 INFO:服务端向用户wuyanqing3向服务端发送了一条消息
2021/08/10 11:04:56 INFO:用户wuyanqing向服务端发送了一条消息，Msg:Ping,Type:2
2021/08/10 11:04:56 INFO:用户wuyanqing向服务端发送了一条消息，Msg:是我，你爹！快打钱！,Type:5
2021/08/10 11:04:56 INFO:服务端向用户wuyanqing向服务端发送了一条消息
2021/08/10 11:04:56 INFO:服务端向用户wuyanqing向服务端发送了一条消息
2021/08/10 11:04:56 INFO:用户wuyanqing2向服务端发送了一条消息，Msg:Ping,Type:2
2021/08/10 11:04:56 INFO:用户wuyanqing2向服务端发送了一条消息，Msg:是我，你爹！快打钱！,Type:5
2021/08/10 11:04:56 INFO:服务端向用户wuyanqing2向服务端发送了一条消息
2021/08/10 11:04:56 INFO:服务端向用户wuyanqing2向服务端发送了一条消息
2021/08/10 11:04:56 INFO:用户wuyanqing3向服务端发送了一条消息，Msg:Ping,Type:2
2021/08/10 11:04:56 INFO:用户wuyanqing3向服务端发送了一条消息，Msg:是我，你爹！快打钱！,Type:5
2021/08/10 11:04:56 INFO:服务端向用户wuyanqing3向服务端发送了一条消息
2021/08/10 11:04:56 INFO:服务端向用户wuyanqing3向服务端发送了一条消息
2021/08/10 11:04:57 INFO:用户wuyanqing向服务端发送了一条消息，Msg:是我，你爹！快打钱！,Type:5
2021/08/10 11:04:57 INFO:服务端向用户wuyanqing向服务端发送了一条消息
2021/08/10 11:04:57 INFO:用户wuyanqing2向服务端发送了一条消息，Msg:是我，你爹！快打钱！,Type:5
2021/08/10 11:04:57 INFO:服务端向用户wuyanqing2向服务端发送了一条消息
2021/08/10 11:04:57 INFO:用户wuyanqing3向服务端发送了一条消息，Msg:是我，你爹！快打钱！,Type:5
2021/08/10 11:04:57 INFO:服务端向用户wuyanqing3向服务端发送了一条消息
2021/08/10 11:04:58 INFO:用户wuyanqing向服务端发送了一条消息，Msg:Ping,Type:2
2021/08/10 11:04:58 INFO:用户wuyanqing向服务端发送了一条消息，Msg:是我，你爹！快打钱！,Type:5
2021/08/10 11:04:58 INFO:服务端向用户wuyanqing向服务端发送了一条消息
2021/08/10 11:04:58 INFO:服务端向用户wuyanqing向服务端发送了一条消息
2021/08/10 11:04:58 INFO:用户wuyanqing2向服务端发送了一条消息，Msg:是我，你爹！快打钱！,Type:5
2021/08/10 11:04:58 INFO:用户wuyanqing2向服务端发送了一条消息，Msg:Ping,Type:2
2021/08/10 11:04:58 INFO:服务端向用户wuyanqing2向服务端发送了一条消息
2021/08/10 11:04:58 INFO:服务端向用户wuyanqing2向服务端发送了一条消息
2021/08/10 11:04:58 INFO:用户wuyanqing3向服务端发送了一条消息，Msg:Ping,Type:2
2021/08/10 11:04:58 INFO:用户wuyanqing3向服务端发送了一条消息，Msg:是我，你爹！快打钱！,Type:5
2021/08/10 11:04:58 INFO:服务端向用户wuyanqing3向服务端发送了一条消息
2021/08/10 11:04:58 INFO:服务端向用户wuyanqing3向服务端发送了一条消息
2021/08/10 11:04:59 INFO:用户wuyanqing3向服务端发送了一条消息，Msg:,Type:1
2021/08/10 11:04:59 INFO：发送广播消息
2021/08/10 11:04:59 INFO:服务端向用户wuyanqing3向服务端发送了一条消息
2021/08/10 11:04:59 INFO:服务端向用户wuyanqing向服务端发送了一条消息
2021/08/10 11:04:59 INFO:服务端向用户wuyanqing2向服务端发送了一条消息
2021/08/10 11:04:59 INFO:用户wuyanqing向服务端发送了一条消息，Msg:是我，你爹！快打钱！,Type:5
2021/08/10 11:04:59 INFO:服务端向用户wuyanqing向服务端发送了一条消息
2021/08/10 11:04:59 INFO:用户wuyanqing2向服务端发送了一条消息，Msg:是我，你爹！快打钱！,Type:5
2021/08/10 11:04:59 INFO:服务端向用户wuyanqing2向服务端发送了一条消息
2021/08/10 11:04:59 INFO:用户wuyanqing3向服务端发送了一条消息，Msg:是我，你爹！快打钱！,Type:5
2021/08/10 11:04:59 INFO:服务端向用户wuyanqing3向服务端发送了一条消息
2021/08/10 11:05:00 INFO:用户wuyanqing向服务端发送了一条消息，Msg:Ping,Type:2
2021/08/10 11:05:00 INFO:用户wuyanqing向服务端发送了一条消息，Msg:是我，你爹！快打钱！,Type:5
2021/08/10 11:05:00 INFO:服务端向用户wuyanqing向服务端发送了一条消息
2021/08/10 11:05:00 INFO:服务端向用户wuyanqing向服务端发送了一条消息
2021/08/10 11:05:00 INFO:用户wuyanqing2向服务端发送了一条消息，Msg:是我，你爹！快打钱！,Type:5
2021/08/10 11:05:00 INFO:用户wuyanqing2向服务端发送了一条消息，Msg:Ping,Type:2
2021/08/10 11:05:00 INFO:服务端向用户wuyanqing2向服务端发送了一条消息
2021/08/10 11:05:00 INFO:服务端向用户wuyanqing2向服务端发送了一条消息
2021/08/10 11:05:00 INFO:用户wuyanqing3向服务端发送了一条消息，Msg:Ping,Type:2
2021/08/10 11:05:00 INFO:用户wuyanqing3向服务端发送了一条消息，Msg:是我，你爹！快打钱！,Type:5
2021/08/10 11:05:00 INFO:服务端向用户wuyanqing3向服务端发送了一条消息
2021/08/10 11:05:00 INFO:服务端向用户wuyanqing3向服务端发送了一条消息
2021/08/10 11:05:01 INFO:用户wuyanqing向服务端发送了一条消息，Msg:是我，你爹！快打钱！,Type:5
2021/08/10 11:05:01 INFO:服务端向用户wuyanqing向服务端发送了一条消息
2021/08/10 11:05:01 INFO:用户wuyanqing2向服务端发送了一条消息，Msg:是我，你爹！快打钱！,Type:5
2021/08/10 11:05:01 INFO:服务端向用户wuyanqing2向服务端发送了一条消息
2021/08/10 11:05:01 INFO:用户wuyanqing3向服务端发送了一条消息，Msg:wuyanqing3:login out,Type:3
2021/08/10 11:05:01 INFO:用户wuyanqing3发送退出消息，注销该连接
2021/08/10 11:05:01 ERROR:读取用户为wuyanqing3的消息时出错，注销该连接
2021/08/10 11:05:01 INFO：wuyanqing3发送登出消息
2021/08/10 11:05:01 INFO:wuyanqing3连接关闭，进行注销
2021/08/10 11:05:01 INFO:服务端向用户wuyanqing向服务端发送了一条消息
2021/08/10 11:05:01 INFO:服务端向用户wuyanqing2向服务端发送了一条消息
2021/08/10 11:05:02 INFO:用户wuyanqing向服务端发送了一条消息，Msg:Ping,Type:2
2021/08/10 11:05:02 INFO:用户wuyanqing向服务端发送了一条消息，Msg:是我，你爹！快打钱！,Type:5
2021/08/10 11:05:02 INFO:服务端向用户wuyanqing向服务端发送了一条消息
2021/08/10 11:05:02 INFO:服务端向用户wuyanqing向服务端发送了一条消息
2021/08/10 11:05:02 INFO:用户wuyanqing2向服务端发送了一条消息，Msg:是我，你爹！快打钱！,Type:5
2021/08/10 11:05:02 INFO:用户wuyanqing2向服务端发送了一条消息，Msg:Ping,Type:2
2021/08/10 11:05:02 INFO:服务端向用户wuyanqing2向服务端发送了一条消息
2021/08/10 11:05:02 INFO:服务端向用户wuyanqing2向服务端发送了一条消息
2021/08/10 11:05:03 INFO:用户wuyanqing向服务端发送了一条消息，Msg:是我，你爹！快打钱！,Type:5
2021/08/10 11:05:03 INFO:服务端向用户wuyanqing向服务端发送了一条消息
2021/08/10 11:05:03 INFO:用户wuyanqing2向服务端发送了一条消息，Msg:是我，你爹！快打钱！,Type:5
2021/08/10 11:05:03 INFO:服务端向用户wuyanqing2向服务端发送了一条消息
2021/08/10 11:05:04 INFO:用户wuyanqing向服务端发送了一条消息，Msg:Ping,Type:2
2021/08/10 11:05:04 INFO:用户wuyanqing向服务端发送了一条消息，Msg:是我，你爹！快打钱！,Type:5
2021/08/10 11:05:04 INFO:服务端向用户wuyanqing向服务端发送了一条消息
2021/08/10 11:05:04 INFO:服务端向用户wuyanqing向服务端发送了一条消息
2021/08/10 11:05:04 INFO:用户wuyanqing2向服务端发送了一条消息，Msg:是我，你爹！快打钱！,Type:5
2021/08/10 11:05:04 INFO:用户wuyanqing2向服务端发送了一条消息，Msg:Ping,Type:2
2021/08/10 11:05:04 INFO:服务端向用户wuyanqing2向服务端发送了一条消息
2021/08/10 11:05:04 INFO:服务端向用户wuyanqing2向服务端发送了一条消息
2021/08/10 11:05:05 INFO:用户wuyanqing向服务端发送了一条消息，Msg:是我，你爹！快打钱！,Type:5
2021/08/10 11:05:05 INFO:服务端向用户wuyanqing向服务端发送了一条消息
2021/08/10 11:05:05 INFO:用户wuyanqing2向服务端发送了一条消息，Msg:是我，你爹！快打钱！,Type:5
2021/08/10 11:05:05 INFO:服务端向用户wuyanqing2向服务端发送了一条消息
2021/08/10 11:05:06 INFO:用户wuyanqing向服务端发送了一条消息，Msg:Ping,Type:2
2021/08/10 11:05:06 INFO:用户wuyanqing向服务端发送了一条消息，Msg:是我，你爹！快打钱！,Type:5
2021/08/10 11:05:06 INFO:服务端向用户wuyanqing向服务端发送了一条消息
2021/08/10 11:05:06 INFO:服务端向用户wuyanqing向服务端发送了一条消息
2021/08/10 11:05:06 INFO:用户wuyanqing2向服务端发送了一条消息，Msg:Ping,Type:2
2021/08/10 11:05:06 INFO:用户wuyanqing2向服务端发送了一条消息，Msg:是我，你爹！快打钱！,Type:5
2021/08/10 11:05:06 INFO:服务端向用户wuyanqing2向服务端发送了一条消息
2021/08/10 11:05:06 INFO:服务端向用户wuyanqing2向服务端发送了一条消息
2021/08/10 11:05:07 INFO:用户wuyanqing2向服务端发送了一条消息，Msg:ds,Type:1
2021/08/10 11:05:07 INFO：发送广播消息
2021/08/10 11:05:07 INFO:服务端向用户wuyanqing2向服务端发送了一条消息
2021/08/10 11:05:07 INFO:服务端向用户wuyanqing向服务端发送了一条消息
2021/08/10 11:05:07 INFO:用户wuyanqing向服务端发送了一条消息，Msg:是我，你爹！快打钱！,Type:5
2021/08/10 11:05:07 INFO:服务端向用户wuyanqing向服务端发送了一条消息
2021/08/10 11:05:07 INFO:用户wuyanqing2向服务端发送了一条消息，Msg:是我，你爹！快打钱！,Type:5
2021/08/10 11:05:07 INFO:服务端向用户wuyanqing2向服务端发送了一条消息
2021/08/10 11:05:08 INFO:用户wuyanqing向服务端发送了一条消息，Msg:Ping,Type:2
2021/08/10 11:05:08 INFO:用户wuyanqing向服务端发送了一条消息，Msg:是我，你爹！快打钱！,Type:5
2021/08/10 11:05:08 INFO:服务端向用户wuyanqing向服务端发送了一条消息
2021/08/10 11:05:08 INFO:服务端向用户wuyanqing向服务端发送了一条消息
2021/08/10 11:05:08 INFO:用户wuyanqing2向服务端发送了一条消息，Msg:是我，你爹！快打钱！,Type:5
2021/08/10 11:05:08 INFO:用户wuyanqing2向服务端发送了一条消息，Msg:Ping,Type:2
2021/08/10 11:05:08 INFO:服务端向用户wuyanqing2向服务端发送了一条消息
2021/08/10 11:05:08 INFO:服务端向用户wuyanqing2向服务端发送了一条消息
2021/08/10 11:05:09 INFO:用户wuyanqing向服务端发送了一条消息，Msg:是我，你爹！快打钱！,Type:5
2021/08/10 11:05:09 INFO:服务端向用户wuyanqing向服务端发送了一条消息
2021/08/10 11:05:09 INFO:用户wuyanqing2向服务端发送了一条消息，Msg:是我，你爹！快打钱！,Type:5
2021/08/10 11:05:09 INFO:服务端向用户wuyanqing2向服务端发送了一条消息
2021/08/10 11:05:09 INFO:wuyanqing3用户连接
2021/08/10 11:05:09 INFO：wuyanqing3发送登陆消息
2021/08/10 11:05:09 INFO:服务端向用户wuyanqing3向服务端发送了一条消息
2021/08/10 11:05:09 INFO:服务端向用户wuyanqing向服务端发送了一条消息
2021/08/10 11:05:09 INFO:服务端向用户wuyanqing2向服务端发送了一条消息
2021/08/10 11:05:09 INFO:用户wuyanqing3向服务端发送了一条消息，Msg:Ping,Type:2
2021/08/10 11:05:09 INFO:服务端向用户wuyanqing3向服务端发送了一条消息
2021/08/10 11:05:09 INFO:用户wuyanqing3向服务端发送了一条消息，Msg:是我，你爹！快打钱！,Type:5
2021/08/10 11:05:09 INFO:服务端向用户wuyanqing3向服务端发送了一条消息
2021/08/10 11:05:10 INFO:用户wuyanqing向服务端发送了一条消息，Msg:Ping,Type:2
2021/08/10 11:05:10 INFO:用户wuyanqing向服务端发送了一条消息，Msg:是我，你爹！快打钱！,Type:5
2021/08/10 11:05:10 INFO:服务端向用户wuyanqing向服务端发送了一条消息
2021/08/10 11:05:10 INFO:服务端向用户wuyanqing向服务端发送了一条消息
2021/08/10 11:05:10 INFO:用户wuyanqing2向服务端发送了一条消息，Msg:是我，你爹！快打钱！,Type:5
2021/08/10 11:05:10 INFO:用户wuyanqing2向服务端发送了一条消息，Msg:Ping,Type:2
2021/08/10 11:05:10 INFO:服务端向用户wuyanqing2向服务端发送了一条消息
2021/08/10 11:05:10 INFO:服务端向用户wuyanqing2向服务端发送了一条消息
2021/08/10 11:05:10 INFO:用户wuyanqing3向服务端发送了一条消息，Msg:是我，你爹！快打钱！,Type:5
2021/08/10 11:05:10 INFO:服务端向用户wuyanqing3向服务端发送了一条消息
2021/08/10 11:05:11 INFO:用户wuyanqing向服务端发送了一条消息，Msg:是我，你爹！快打钱！,Type:5
2021/08/10 11:05:11 INFO:服务端向用户wuyanqing向服务端发送了一条消息
2021/08/10 11:05:11 INFO:用户wuyanqing2向服务端发送了一条消息，Msg:是我，你爹！快打钱！,Type:5
2021/08/10 11:05:11 INFO:服务端向用户wuyanqing2向服务端发送了一条消息
2021/08/10 11:05:11 INFO:用户wuyanqing3向服务端发送了一条消息，Msg:是我，你爹！快打钱！,Type:5
2021/08/10 11:05:11 INFO:用户wuyanqing3向服务端发送了一条消息，Msg:Ping,Type:2
2021/08/10 11:05:11 INFO:服务端向用户wuyanqing3向服务端发送了一条消息
2021/08/10 11:05:11 INFO:服务端向用户wuyanqing3向服务端发送了一条消息
2021/08/10 11:05:12 INFO:用户wuyanqing向服务端发送了一条消息，Msg:Ping,Type:2
2021/08/10 11:05:12 INFO:用户wuyanqing向服务端发送了一条消息，Msg:是我，你爹！快打钱！,Type:5
2021/08/10 11:05:12 INFO:服务端向用户wuyanqing向服务端发送了一条消息
2021/08/10 11:05:12 INFO:服务端向用户wuyanqing向服务端发送了一条消息
2021/08/10 11:05:12 INFO:用户wuyanqing2向服务端发送了一条消息，Msg:Ping,Type:2
2021/08/10 11:05:12 INFO:用户wuyanqing2向服务端发送了一条消息，Msg:是我，你爹！快打钱！,Type:5
2021/08/10 11:05:12 INFO:服务端向用户wuyanqing2向服务端发送了一条消息
2021/08/10 11:05:12 INFO:服务端向用户wuyanqing2向服务端发送了一条消息
2021/08/10 11:05:12 INFO:用户wuyanqing3向服务端发送了一条消息，Msg:是我，你爹！快打钱！,Type:5
2021/08/10 11:05:12 INFO:服务端向用户wuyanqing3向服务端发送了一条消息
2021/08/10 11:05:13 INFO:用户wuyanqing向服务端发送了一条消息，Msg:是我，你爹！快打钱！,Type:5
2021/08/10 11:05:13 INFO:服务端向用户wuyanqing向服务端发送了一条消息
2021/08/10 11:05:13 INFO:用户wuyanqing2向服务端发送了一条消息，Msg:是我，你爹！快打钱！,Type:5
2021/08/10 11:05:13 INFO:服务端向用户wuyanqing2向服务端发送了一条消息
2021/08/10 11:05:13 INFO:用户wuyanqing3向服务端发送了一条消息，Msg:是我，你爹！快打钱！,Type:5
2021/08/10 11:05:13 INFO:服务端向用户wuyanqing3向服务端发送了一条消息
2021/08/10 11:05:13 INFO:用户wuyanqing3向服务端发送了一条消息，Msg:Ping,Type:2
2021/08/10 11:05:13 INFO:服务端向用户wuyanqing3向服务端发送了一条消息
2021/08/10 11:05:14 INFO:用户wuyanqing向服务端发送了一条消息，Msg:Ping,Type:2
2021/08/10 11:05:14 INFO:用户wuyanqing向服务端发送了一条消息，Msg:是我，你爹！快打钱！,Type:5
2021/08/10 11:05:14 INFO:服务端向用户wuyanqing向服务端发送了一条消息
2021/08/10 11:05:14 INFO:服务端向用户wuyanqing向服务端发送了一条消息
2021/08/10 11:05:14 INFO:用户wuyanqing2向服务端发送了一条消息，Msg:是我，你爹！快打钱！,Type:5
2021/08/10 11:05:14 INFO:用户wuyanqing2向服务端发送了一条消息，Msg:Ping,Type:2
2021/08/10 11:05:14 INFO:服务端向用户wuyanqing2向服务端发送了一条消息
2021/08/10 11:05:14 INFO:服务端向用户wuyanqing2向服务端发送了一条消息
2021/08/10 11:05:14 INFO:用户wuyanqing3向服务端发送了一条消息，Msg:是我，你爹！快打钱！,Type:5
2021/08/10 11:05:14 INFO:服务端向用户wuyanqing3向服务端发送了一条消息
2021/08/10 11:05:15 INFO:用户wuyanqing向服务端发送了一条消息，Msg:是我，你爹！快打钱！,Type:5
2021/08/10 11:05:15 INFO:服务端向用户wuyanqing向服务端发送了一条消息
2021/08/10 11:05:15 INFO:用户wuyanqing2向服务端发送了一条消息，Msg:是我，你爹！快打钱！,Type:5
2021/08/10 11:05:15 INFO:服务端向用户wuyanqing2向服务端发送了一条消息
2021/08/10 11:05:15 INFO:用户wuyanqing3向服务端发送了一条消息，Msg:Ping,Type:2
2021/08/10 11:05:15 INFO:用户wuyanqing3向服务端发送了一条消息，Msg:是我，你爹！快打钱！,Type:5
2021/08/10 11:05:15 INFO:服务端向用户wuyanqing3向服务端发送了一条消息
2021/08/10 11:05:15 INFO:服务端向用户wuyanqing3向服务端发送了一条消息
2021/08/10 11:05:16 INFO:用户wuyanqing向服务端发送了一条消息，Msg:Ping,Type:2
2021/08/10 11:05:16 INFO:用户wuyanqing向服务端发送了一条消息，Msg:是我，你爹！快打钱！,Type:5
2021/08/10 11:05:16 INFO:服务端向用户wuyanqing向服务端发送了一条消息
2021/08/10 11:05:16 INFO:服务端向用户wuyanqing向服务端发送了一条消息
2021/08/10 11:05:16 INFO:用户wuyanqing2向服务端发送了一条消息，Msg:Ping,Type:2
2021/08/10 11:05:16 INFO:用户wuyanqing2向服务端发送了一条消息，Msg:是我，你爹！快打钱！,Type:5
2021/08/10 11:05:16 INFO:服务端向用户wuyanqing2向服务端发送了一条消息
2021/08/10 11:05:16 INFO:服务端向用户wuyanqing2向服务端发送了一条消息
2021/08/10 11:05:16 INFO:用户wuyanqing3向服务端发送了一条消息，Msg:是我，你爹！快打钱！,Type:5
2021/08/10 11:05:16 INFO:服务端向用户wuyanqing3向服务端发送了一条消息
2021/08/10 11:05:17 INFO:用户wuyanqing向服务端发送了一条消息，Msg:是我，你爹！快打钱！,Type:5
2021/08/10 11:05:17 INFO:服务端向用户wuyanqing向服务端发送了一条消息
2021/08/10 11:05:17 INFO:用户wuyanqing2向服务端发送了一条消息，Msg:是我，你爹！快打钱！,Type:5
2021/08/10 11:05:17 INFO:服务端向用户wuyanqing2向服务端发送了一条消息
2021/08/10 11:05:17 INFO:用户wuyanqing3向服务端发送了一条消息，Msg:Ping,Type:2
2021/08/10 11:05:17 INFO:用户wuyanqing3向服务端发送了一条消息，Msg:是我，你爹！快打钱！,Type:5
2021/08/10 11:05:17 INFO:服务端向用户wuyanqing3向服务端发送了一条消息
2021/08/10 11:05:17 INFO:服务端向用户wuyanqing3向服务端发送了一条消息
2021/08/10 11:05:18 INFO:用户wuyanqing向服务端发送了一条消息，Msg:Ping,Type:2
2021/08/10 11:05:18 INFO:用户wuyanqing向服务端发送了一条消息，Msg:是我，你爹！快打钱！,Type:5
2021/08/10 11:05:18 INFO:服务端向用户wuyanqing向服务端发送了一条消息
2021/08/10 11:05:18 INFO:服务端向用户wuyanqing向服务端发送了一条消息
2021/08/10 11:05:18 INFO:用户wuyanqing2向服务端发送了一条消息，Msg:Ping,Type:2
2021/08/10 11:05:18 INFO:用户wuyanqing2向服务端发送了一条消息，Msg:是我，你爹！快打钱！,Type:5
2021/08/10 11:05:18 INFO:服务端向用户wuyanqing2向服务端发送了一条消息
2021/08/10 11:05:18 INFO:服务端向用户wuyanqing2向服务端发送了一条消息
2021/08/10 11:05:18 INFO:用户wuyanqing3向服务端发送了一条消息，Msg:是我，你爹！快打钱！,Type:5
2021/08/10 11:05:18 INFO:服务端向用户wuyanqing3向服务端发送了一条消息
2021/08/10 11:05:19 INFO:用户wuyanqing向服务端发送了一条消息，Msg:是我，你爹！快打钱！,Type:5
2021/08/10 11:05:19 INFO:服务端向用户wuyanqing向服务端发送了一条消息
2021/08/10 11:05:19 INFO:用户wuyanqing2向服务端发送了一条消息，Msg:是我，你爹！快打钱！,Type:5
2021/08/10 11:05:19 INFO:服务端向用户wuyanqing2向服务端发送了一条消息
2021/08/10 11:05:19 INFO:用户wuyanqing3向服务端发送了一条消息，Msg:是我，你爹！快打钱！,Type:5
2021/08/10 11:05:19 INFO:服务端向用户wuyanqing3向服务端发送了一条消息
2021/08/10 11:05:19 INFO:用户wuyanqing3向服务端发送了一条消息，Msg:Ping,Type:2
2021/08/10 11:05:19 INFO:服务端向用户wuyanqing3向服务端发送了一条消息
2021/08/10 11:05:20 INFO:用户wuyanqing向服务端发送了一条消息，Msg:Ping,Type:2
2021/08/10 11:05:20 INFO:用户wuyanqing向服务端发送了一条消息，Msg:是我，你爹！快打钱！,Type:5
2021/08/10 11:05:20 INFO:服务端向用户wuyanqing向服务端发送了一条消息
2021/08/10 11:05:20 INFO:服务端向用户wuyanqing向服务端发送了一条消息
2021/08/10 11:05:20 INFO:用户wuyanqing2向服务端发送了一条消息，Msg:Ping,Type:2
2021/08/10 11:05:20 INFO:用户wuyanqing2向服务端发送了一条消息，Msg:是我，你爹！快打钱！,Type:5
2021/08/10 11:05:20 INFO:服务端向用户wuyanqing2向服务端发送了一条消息
2021/08/10 11:05:20 INFO:服务端向用户wuyanqing2向服务端发送了一条消息
2021/08/10 11:05:20 INFO:用户wuyanqing3向服务端发送了一条消息，Msg:是我，你爹！快打钱！,Type:5
2021/08/10 11:05:20 INFO:服务端向用户wuyanqing3向服务端发送了一条消息
2021/08/10 11:05:21 INFO:用户wuyanqing向服务端发送了一条消息，Msg:是我，你爹！快打钱！,Type:5
2021/08/10 11:05:21 INFO:服务端向用户wuyanqing向服务端发送了一条消息
2021/08/10 11:05:21 INFO:用户wuyanqing2向服务端发送了一条消息，Msg:是我，你爹！快打钱！,Type:5
2021/08/10 11:05:21 INFO:服务端向用户wuyanqing2向服务端发送了一条消息
2021/08/10 11:05:21 INFO:用户wuyanqing3向服务端发送了一条消息，Msg:Ping,Type:2
2021/08/10 11:05:21 INFO:用户wuyanqing3向服务端发送了一条消息，Msg:是我，你爹！快打钱！,Type:5
2021/08/10 11:05:21 INFO:服务端向用户wuyanqing3向服务端发送了一条消息
2021/08/10 11:05:21 INFO:服务端向用户wuyanqing3向服务端发送了一条消息
2021/08/10 11:05:22 INFO:用户wuyanqing向服务端发送了一条消息，Msg:Ping,Type:2
2021/08/10 11:05:22 INFO:用户wuyanqing向服务端发送了一条消息，Msg:是我，你爹！快打钱！,Type:5
2021/08/10 11:05:22 INFO:服务端向用户wuyanqing向服务端发送了一条消息
2021/08/10 11:05:22 INFO:服务端向用户wuyanqing向服务端发送了一条消息
2021/08/10 11:05:22 INFO:用户wuyanqing2向服务端发送了一条消息，Msg:是我，你爹！快打钱！,Type:5
2021/08/10 11:05:22 INFO:用户wuyanqing2向服务端发送了一条消息，Msg:Ping,Type:2
2021/08/10 11:05:22 INFO:服务端向用户wuyanqing2向服务端发送了一条消息
2021/08/10 11:05:22 INFO:服务端向用户wuyanqing2向服务端发送了一条消息
2021/08/10 11:05:22 INFO:用户wuyanqing3向服务端发送了一条消息，Msg:是我，你爹！快打钱！,Type:5
2021/08/10 11:05:22 INFO:服务端向用户wuyanqing3向服务端发送了一条消息
2021/08/10 11:05:23 INFO:用户wuyanqing向服务端发送了一条消息，Msg:是我，你爹！快打钱！,Type:5
2021/08/10 11:05:23 INFO:服务端向用户wuyanqing向服务端发送了一条消息
2021/08/10 11:05:23 INFO:用户wuyanqing2向服务端发送了一条消息，Msg:是我，你爹！快打钱！,Type:5
2021/08/10 11:05:23 INFO:服务端向用户wuyanqing2向服务端发送了一条消息
2021/08/10 11:05:23 INFO:用户wuyanqing3向服务端发送了一条消息，Msg:是我，你爹！快打钱！,Type:5
2021/08/10 11:05:23 INFO:用户wuyanqing3向服务端发送了一条消息，Msg:Ping,Type:2
2021/08/10 11:05:23 INFO:服务端向用户wuyanqing3向服务端发送了一条消息
2021/08/10 11:05:23 INFO:服务端向用户wuyanqing3向服务端发送了一条消息
2021/08/10 11:05:24 INFO:用户wuyanqing向服务端发送了一条消息，Msg:Ping,Type:2
2021/08/10 11:05:24 INFO:用户wuyanqing向服务端发送了一条消息，Msg:是我，你爹！快打钱！,Type:5
2021/08/10 11:05:24 INFO:服务端向用户wuyanqing向服务端发送了一条消息
2021/08/10 11:05:24 INFO:服务端向用户wuyanqing向服务端发送了一条消息
2021/08/10 11:05:24 INFO:用户wuyanqing2向服务端发送了一条消息，Msg:是我，你爹！快打钱！,Type:5
2021/08/10 11:05:24 INFO:用户wuyanqing2向服务端发送了一条消息，Msg:Ping,Type:2
2021/08/10 11:05:24 INFO:服务端向用户wuyanqing2向服务端发送了一条消息
2021/08/10 11:05:24 INFO:服务端向用户wuyanqing2向服务端发送了一条消息
2021/08/10 11:05:24 INFO:用户wuyanqing3向服务端发送了一条消息，Msg:是我，你爹！快打钱！,Type:5
2021/08/10 11:05:24 INFO:服务端向用户wuyanqing3向服务端发送了一条消息
2021/08/10 11:05:25 INFO:用户wuyanqing向服务端发送了一条消息，Msg:是我，你爹！快打钱！,Type:5
2021/08/10 11:05:25 INFO:服务端向用户wuyanqing向服务端发送了一条消息
2021/08/10 11:05:25 INFO:用户wuyanqing2向服务端发送了一条消息，Msg:是我，你爹！快打钱！,Type:5
2021/08/10 11:05:25 INFO:服务端向用户wuyanqing2向服务端发送了一条消息
2021/08/10 11:05:25 INFO:用户wuyanqing3向服务端发送了一条消息，Msg:是我，你爹！快打钱！,Type:5
2021/08/10 11:05:25 INFO:服务端向用户wuyanqing3向服务端发送了一条消息
2021/08/10 11:05:25 INFO:用户wuyanqing3向服务端发送了一条消息，Msg:Ping,Type:2
2021/08/10 11:05:25 INFO:服务端向用户wuyanqing3向服务端发送了一条消息
2021/08/10 11:05:26 INFO:用户wuyanqing向服务端发送了一条消息，Msg:Ping,Type:2
2021/08/10 11:05:26 INFO:用户wuyanqing向服务端发送了一条消息，Msg:是我，你爹！快打钱！,Type:5
2021/08/10 11:05:26 INFO:服务端向用户wuyanqing向服务端发送了一条消息
2021/08/10 11:05:26 INFO:服务端向用户wuyanqing向服务端发送了一条消息
2021/08/10 11:05:26 INFO:用户wuyanqing2向服务端发送了一条消息，Msg:Ping,Type:2
2021/08/10 11:05:26 INFO:用户wuyanqing2向服务端发送了一条消息，Msg:是我，你爹！快打钱！,Type:5
2021/08/10 11:05:26 INFO:服务端向用户wuyanqing2向服务端发送了一条消息
2021/08/10 11:05:26 INFO:服务端向用户wuyanqing2向服务端发送了一条消息
2021/08/10 11:05:26 INFO:用户wuyanqing3向服务端发送了一条消息，Msg:是我，你爹！快打钱！,Type:5
2021/08/10 11:05:26 INFO:服务端向用户wuyanqing3向服务端发送了一条消息
2021/08/10 11:05:27 INFO:用户wuyanqing向服务端发送了一条消息，Msg:是我，你爹！快打钱！,Type:5
2021/08/10 11:05:27 INFO:服务端向用户wuyanqing向服务端发送了一条消息
2021/08/10 11:05:27 INFO:用户wuyanqing2向服务端发送了一条消息，Msg:是我，你爹！快打钱！,Type:5
2021/08/10 11:05:27 INFO:服务端向用户wuyanqing2向服务端发送了一条消息
2021/08/10 11:05:27 INFO:用户wuyanqing3向服务端发送了一条消息，Msg:是我，你爹！快打钱！,Type:5
2021/08/10 11:05:27 INFO:服务端向用户wuyanqing3向服务端发送了一条消息
2021/08/10 11:05:27 INFO:用户wuyanqing3向服务端发送了一条消息，Msg:Ping,Type:2
2021/08/10 11:05:27 INFO:服务端向用户wuyanqing3向服务端发送了一条消息
2021/08/10 11:05:28 INFO:用户wuyanqing向服务端发送了一条消息，Msg:Ping,Type:2
2021/08/10 11:05:28 INFO:用户wuyanqing向服务端发送了一条消息，Msg:是我，你爹！快打钱！,Type:5
2021/08/10 11:05:28 INFO:服务端向用户wuyanqing向服务端发送了一条消息
2021/08/10 11:05:28 INFO:服务端向用户wuyanqing向服务端发送了一条消息
2021/08/10 11:05:28 INFO:用户wuyanqing2向服务端发送了一条消息，Msg:是我，你爹！快打钱！,Type:5
2021/08/10 11:05:28 INFO:用户wuyanqing2向服务端发送了一条消息，Msg:Ping,Type:2
2021/08/10 11:05:28 INFO:服务端向用户wuyanqing2向服务端发送了一条消息
2021/08/10 11:05:28 INFO:服务端向用户wuyanqing2向服务端发送了一条消息
2021/08/10 11:05:28 INFO:用户wuyanqing3向服务端发送了一条消息，Msg:是我，你爹！快打钱！,Type:5
2021/08/10 11:05:28 INFO:服务端向用户wuyanqing3向服务端发送了一条消息
2021/08/10 11:05:29 INFO:用户wuyanqing向服务端发送了一条消息，Msg:是我，你爹！快打钱！,Type:5
2021/08/10 11:05:29 INFO:服务端向用户wuyanqing向服务端发送了一条消息
2021/08/10 11:05:29 INFO:用户wuyanqing2向服务端发送了一条消息，Msg:是我，你爹！快打钱！,Type:5
2021/08/10 11:05:29 INFO:服务端向用户wuyanqing2向服务端发送了一条消息
2021/08/10 11:08:01 INFO:wa用户连接
2021/08/10 11:08:01 INFO：wa发送登陆消息
2021/08/10 11:08:01 INFO:服务端向用户wa向服务端发送了一条消息
2021/08/10 11:08:01 INFO:用户wa向服务端发送了一条消息，Msg:Ping,Type:2
2021/08/10 11:08:01 INFO:用户wa向服务端发送了一条消息，Msg:是我，你爹！快打钱！,Type:5
2021/08/10 11:08:01 INFO:服务端向用户wa向服务端发送了一条消息
2021/08/10 11:08:01 INFO:服务端向用户wa向服务端发送了一条消息
2021/08/10 11:08:02 INFO:用户wa向服务端发送了一条消息，Msg:是我，你爹！快打钱！,Type:5
2021/08/10 11:08:02 INFO:服务端向用户wa向服务端发送了一条消息
2021/08/10 11:08:03 INFO:用户wa向服务端发送了一条消息，Msg:Ping,Type:2
2021/08/10 11:08:03 INFO:用户wa向服务端发送了一条消息，Msg:是我，你爹！快打钱！,Type:5
2021/08/10 11:08:03 INFO:服务端向用户wa向服务端发送了一条消息
2021/08/10 11:08:03 INFO:服务端向用户wa向服务端发送了一条消息
2021/08/10 11:08:04 INFO:用户wa向服务端发送了一条消息，Msg:是我，你爹！快打钱！,Type:5
2021/08/10 11:08:04 INFO:服务端向用户wa向服务端发送了一条消息
2021/08/10 11:08:05 INFO:用户wa向服务端发送了一条消息，Msg:Ping,Type:2
2021/08/10 11:08:05 INFO:用户wa向服务端发送了一条消息，Msg:是我，你爹！快打钱！,Type:5
2021/08/10 11:08:05 INFO:服务端向用户wa向服务端发送了一条消息
2021/08/10 11:08:05 INFO:服务端向用户wa向服务端发送了一条消息
2021/08/10 11:08:06 INFO:用户wa向服务端发送了一条消息，Msg:是我，你爹！快打钱！,Type:5
2021/08/10 11:08:06 INFO:服务端向用户wa向服务端发送了一条消息
2021/08/10 11:08:07 INFO:用户wa向服务端发送了一条消息，Msg:是我，你爹！快打钱！,Type:5
2021/08/10 11:08:07 INFO:用户wa向服务端发送了一条消息，Msg:Ping,Type:2
2021/08/10 11:08:07 INFO:服务端向用户wa向服务端发送了一条消息
2021/08/10 11:08:07 INFO:服务端向用户wa向服务端发送了一条消息
2021/08/10 11:08:08 INFO:用户wa向服务端发送了一条消息，Msg:是我，你爹！快打钱！,Type:5
2021/08/10 11:08:08 INFO:服务端向用户wa向服务端发送了一条消息
2021/08/10 11:08:09 INFO:用户wa向服务端发送了一条消息，Msg:是我，你爹！快打钱！,Type:5
2021/08/10 11:08:09 INFO:用户wa向服务端发送了一条消息，Msg:Ping,Type:2
2021/08/10 11:08:09 INFO:服务端向用户wa向服务端发送了一条消息
2021/08/10 11:08:09 INFO:服务端向用户wa向服务端发送了一条消息
2021/08/10 11:08:10 INFO:用户wa向服务端发送了一条消息，Msg:是我，你爹！快打钱！,Type:5
2021/08/10 11:08:10 INFO:服务端向用户wa向服务端发送了一条消息
2021/08/10 11:08:11 INFO:用户wa向服务端发送了一条消息，Msg:Ping,Type:2
2021/08/10 11:08:11 INFO:用户wa向服务端发送了一条消息，Msg:是我，你爹！快打钱！,Type:5
2021/08/10 11:08:11 INFO:服务端向用户wa向服务端发送了一条消息
2021/08/10 11:08:11 INFO:服务端向用户wa向服务端发送了一条消息
2021/08/10 11:08:12 INFO:用户wa向服务端发送了一条消息，Msg:是我，你爹！快打钱！,Type:5
2021/08/10 11:08:12 INFO:服务端向用户wa向服务端发送了一条消息
2021/08/10 11:08:13 INFO:用户wa向服务端发送了一条消息，Msg:Ping,Type:2
2021/08/10 11:08:13 INFO:用户wa向服务端发送了一条消息，Msg:是我，你爹！快打钱！,Type:5
2021/08/10 11:08:13 INFO:服务端向用户wa向服务端发送了一条消息
2021/08/10 11:08:13 INFO:服务端向用户wa向服务端发送了一条消息
2021/08/10 11:08:14 INFO:用户wa向服务端发送了一条消息，Msg:是我，你爹！快打钱！,Type:5
2021/08/10 11:08:14 INFO:服务端向用户wa向服务端发送了一条消息
2021/08/10 11:08:15 INFO:用户wa向服务端发送了一条消息，Msg:Ping,Type:2
2021/08/10 11:08:15 INFO:用户wa向服务端发送了一条消息，Msg:是我，你爹！快打钱！,Type:5
2021/08/10 11:08:15 INFO:服务端向用户wa向服务端发送了一条消息
2021/08/10 11:08:15 INFO:服务端向用户wa向服务端发送了一条消息
2021/08/10 11:08:16 INFO:用户wa向服务端发送了一条消息，Msg:是我，你爹！快打钱！,Type:5
2021/08/10 11:08:16 INFO:服务端向用户wa向服务端发送了一条消息
2021/08/10 11:08:17 INFO:用户wa向服务端发送了一条消息，Msg:Ping,Type:2
2021/08/10 11:08:17 INFO:用户wa向服务端发送了一条消息，Msg:是我，你爹！快打钱！,Type:5
2021/08/10 11:08:17 INFO:服务端向用户wa向服务端发送了一条消息
2021/08/10 11:08:17 INFO:服务端向用户wa向服务端发送了一条消息
2021/08/10 11:08:18 INFO:用户wa向服务端发送了一条消息，Msg:是我，你爹！快打钱！,Type:5
2021/08/10 11:08:18 INFO:服务端向用户wa向服务端发送了一条消息
2021/08/10 11:08:19 INFO:用户wa向服务端发送了一条消息，Msg:Ping,Type:2
2021/08/10 11:08:19 INFO:服务端向用户wa向服务端发送了一条消息
2021/08/10 11:08:19 INFO:用户wa向服务端发送了一条消息，Msg:是我，你爹！快打钱！,Type:5
2021/08/10 11:08:19 INFO:服务端向用户wa向服务端发送了一条消息
2021/08/10 11:08:20 INFO:用户wa向服务端发送了一条消息，Msg:是我，你爹！快打钱！,Type:5
2021/08/10 11:08:20 INFO:服务端向用户wa向服务端发送了一条消息
2021/08/10 11:08:21 INFO:用户wa向服务端发送了一条消息，Msg:Ping,Type:2
2021/08/10 11:08:21 INFO:用户wa向服务端发送了一条消息，Msg:是我，你爹！快打钱！,Type:5
2021/08/10 11:08:21 INFO:服务端向用户wa向服务端发送了一条消息
2021/08/10 11:08:21 INFO:服务端向用户wa向服务端发送了一条消息
2021/08/10 11:08:22 INFO:用户wa向服务端发送了一条消息，Msg:是我，你爹！快打钱！,Type:5
2021/08/10 11:08:22 INFO:服务端向用户wa向服务端发送了一条消息
2021/08/10 11:08:23 INFO:用户wa向服务端发送了一条消息，Msg:Ping,Type:2
2021/08/10 11:08:23 INFO:用户wa向服务端发送了一条消息，Msg:是我，你爹！快打钱！,Type:5
2021/08/10 11:08:23 INFO:服务端向用户wa向服务端发送了一条消息
2021/08/10 11:08:23 INFO:服务端向用户wa向服务端发送了一条消息
2021/08/10 11:08:24 INFO:用户wa向服务端发送了一条消息，Msg:是我，你爹！快打钱！,Type:5
2021/08/10 11:08:24 INFO:服务端向用户wa向服务端发送了一条消息
2021/08/10 11:08:25 INFO:用户wa向服务端发送了一条消息，Msg:Ping,Type:2
2021/08/10 11:08:25 INFO:用户wa向服务端发送了一条消息，Msg:是我，你爹！快打钱！,Type:5
2021/08/10 11:08:25 INFO:服务端向用户wa向服务端发送了一条消息
2021/08/10 11:08:25 INFO:服务端向用户wa向服务端发送了一条消息
2021/08/10 11:08:26 INFO:用户wa向服务端发送了一条消息，Msg:是我，你爹！快打钱！,Type:5
2021/08/10 11:08:26 INFO:服务端向用户wa向服务端发送了一条消息
2021/08/10 11:08:27 INFO:用户wa向服务端发送了一条消息，Msg:Ping,Type:2
2021/08/10 11:08:27 INFO:用户wa向服务端发送了一条消息，Msg:是我，你爹！快打钱！,Type:5
2021/08/10 11:08:27 INFO:服务端向用户wa向服务端发送了一条消息
2021/08/10 11:08:27 INFO:服务端向用户wa向服务端发送了一条消息
2021/08/10 11:08:28 INFO:用户wa向服务端发送了一条消息，Msg:是我，你爹！快打钱！,Type:5
2021/08/10 11:08:28 INFO:服务端向用户wa向服务端发送了一条消息
2021/08/10 11:08:29 INFO:用户wa向服务端发送了一条消息，Msg:Ping,Type:2
2021/08/10 11:08:29 INFO:服务端向用户wa向服务端发送了一条消息
2021/08/10 11:08:29 INFO:用户wa向服务端发送了一条消息，Msg:是我，你爹！快打钱！,Type:5
2021/08/10 11:08:29 INFO:服务端向用户wa向服务端发送了一条消息
2021/08/10 11:08:30 INFO:用户wa向服务端发送了一条消息，Msg:是我，你爹！快打钱！,Type:5
2021/08/10 11:08:30 INFO:服务端向用户wa向服务端发送了一条消息
2021/08/10 11:08:31 INFO:用户wa向服务端发送了一条消息，Msg:Ping,Type:2
2021/08/10 11:08:31 INFO:用户wa向服务端发送了一条消息，Msg:是我，你爹！快打钱！,Type:5
2021/08/10 11:08:31 INFO:服务端向用户wa向服务端发送了一条消息
2021/08/10 11:08:31 INFO:服务端向用户wa向服务端发送了一条消息
2021/08/10 11:08:32 INFO:用户wa向服务端发送了一条消息，Msg:是我，你爹！快打钱！,Type:5
2021/08/10 11:08:32 INFO:服务端向用户wa向服务端发送了一条消息
2021/08/10 11:08:33 INFO:用户wa向服务端发送了一条消息，Msg:是我，你爹！快打钱！,Type:5
2021/08/10 11:08:33 INFO:用户wa向服务端发送了一条消息，Msg:Ping,Type:2
2021/08/10 11:08:33 INFO:服务端向用户wa向服务端发送了一条消息
2021/08/10 11:08:33 INFO:服务端向用户wa向服务端发送了一条消息
2021/08/10 11:08:34 INFO:用户wa向服务端发送了一条消息，Msg:是我，你爹！快打钱！,Type:5
2021/08/10 11:08:34 INFO:服务端向用户wa向服务端发送了一条消息
2021/08/10 11:08:35 INFO:用户wa向服务端发送了一条消息，Msg:Ping,Type:2
2021/08/10 11:08:35 INFO:用户wa向服务端发送了一条消息，Msg:是我，你爹！快打钱！,Type:5
2021/08/10 11:08:35 INFO:服务端向用户wa向服务端发送了一条消息
2021/08/10 11:08:35 INFO:服务端向用户wa向服务端发送了一条消息
2021/08/10 11:08:36 INFO:用户wa向服务端发送了一条消息，Msg:是我，你爹！快打钱！,Type:5
2021/08/10 11:08:36 INFO:服务端向用户wa向服务端发送了一条消息
2021/08/10 11:08:37 INFO:用户wa向服务端发送了一条消息，Msg:Ping,Type:2
2021/08/10 11:08:37 INFO:用户wa向服务端发送了一条消息，Msg:是我，你爹！快打钱！,Type:5
2021/08/10 11:08:37 INFO:服务端向用户wa向服务端发送了一条消息
2021/08/10 11:08:37 INFO:服务端向用户wa向服务端发送了一条消息
2021/08/10 11:08:38 INFO:用户wa向服务端发送了一条消息，Msg:是我，你爹！快打钱！,Type:5
2021/08/10 11:08:38 INFO:服务端向用户wa向服务端发送了一条消息
2021/08/10 11:08:39 INFO:用户wa向服务端发送了一条消息，Msg:Ping,Type:2
2021/08/10 11:08:39 INFO:用户wa向服务端发送了一条消息，Msg:是我，你爹！快打钱！,Type:5
2021/08/10 11:08:39 INFO:服务端向用户wa向服务端发送了一条消息
2021/08/10 11:08:39 INFO:服务端向用户wa向服务端发送了一条消息
2021/08/10 11:08:40 INFO:用户wa向服务端发送了一条消息，Msg:是我，你爹！快打钱！,Type:5
2021/08/10 11:08:40 INFO:服务端向用户wa向服务端发送了一条消息
2021/08/10 11:08:41 INFO:用户wa向服务端发送了一条消息，Msg:Ping,Type:2
2021/08/10 11:08:41 INFO:用户wa向服务端发送了一条消息，Msg:是我，你爹！快打钱！,Type:5
2021/08/10 11:08:41 INFO:服务端向用户wa向服务端发送了一条消息
2021/08/10 11:08:41 INFO:服务端向用户wa向服务端发送了一条消息
2021/08/10 11:08:42 INFO:用户wa向服务端发送了一条消息，Msg:是我，你爹！快打钱！,Type:5
2021/08/10 11:08:42 INFO:服务端向用户wa向服务端发送了一条消息
2021/08/10 11:08:43 INFO:用户wa向服务端发送了一条消息，Msg:Ping,Type:2
2021/08/10 11:08:43 INFO:服务端向用户wa向服务端发送了一条消息
2021/08/10 11:08:43 INFO:用户wa向服务端发送了一条消息，Msg:是我，你爹！快打钱！,Type:5
2021/08/10 11:08:43 INFO:服务端向用户wa向服务端发送了一条消息
2021/08/10 11:08:44 INFO:用户wa向服务端发送了一条消息，Msg:是我，你爹！快打钱！,Type:5
2021/08/10 11:08:44 INFO:服务端向用户wa向服务端发送了一条消息
2021/08/10 11:08:45 INFO:用户wa向服务端发送了一条消息，Msg:Ping,Type:2
2021/08/10 11:08:45 INFO:用户wa向服务端发送了一条消息，Msg:是我，你爹！快打钱！,Type:5
2021/08/10 11:08:45 INFO:服务端向用户wa向服务端发送了一条消息
2021/08/10 11:08:45 INFO:服务端向用户wa向服务端发送了一条消息
2021/08/10 11:08:46 INFO:用户wa向服务端发送了一条消息，Msg:是我，你爹！快打钱！,Type:5
2021/08/10 11:08:46 INFO:服务端向用户wa向服务端发送了一条消息
2021/08/10 11:08:47 INFO:用户wa向服务端发送了一条消息，Msg:Ping,Type:2
2021/08/10 11:08:47 INFO:用户wa向服务端发送了一条消息，Msg:是我，你爹！快打钱！,Type:5
2021/08/10 11:08:47 INFO:服务端向用户wa向服务端发送了一条消息
2021/08/10 11:08:47 INFO:服务端向用户wa向服务端发送了一条消息
2021/08/10 11:08:48 INFO:用户wa向服务端发送了一条消息，Msg:是我，你爹！快打钱！,Type:5
2021/08/10 11:08:48 INFO:服务端向用户wa向服务端发送了一条消息
2021/08/10 11:08:49 INFO:用户wa向服务端发送了一条消息，Msg:是我，你爹！快打钱！,Type:5
2021/08/10 11:08:49 INFO:用户wa向服务端发送了一条消息，Msg:Ping,Type:2
2021/08/10 11:08:49 INFO:服务端向用户wa向服务端发送了一条消息
2021/08/10 11:08:49 INFO:服务端向用户wa向服务端发送了一条消息
2021/08/10 11:08:50 INFO:用户wa向服务端发送了一条消息，Msg:是我，你爹！快打钱！,Type:5
2021/08/10 11:08:50 INFO:服务端向用户wa向服务端发送了一条消息
2021/08/10 11:08:51 INFO:用户wa向服务端发送了一条消息，Msg:Ping,Type:2
2021/08/10 11:08:51 INFO:用户wa向服务端发送了一条消息，Msg:是我，你爹！快打钱！,Type:5
2021/08/10 11:08:51 INFO:服务端向用户wa向服务端发送了一条消息
2021/08/10 11:08:51 INFO:服务端向用户wa向服务端发送了一条消息
2021/08/10 11:08:52 INFO:用户wa向服务端发送了一条消息，Msg:是我，你爹！快打钱！,Type:5
2021/08/10 11:08:52 INFO:服务端向用户wa向服务端发送了一条消息
2021/08/10 11:08:53 INFO:用户wa向服务端发送了一条消息，Msg:Ping,Type:2
2021/08/10 11:08:53 INFO:用户wa向服务端发送了一条消息，Msg:是我，你爹！快打钱！,Type:5
2021/08/10 11:08:53 INFO:服务端向用户wa向服务端发送了一条消息
2021/08/10 11:08:53 INFO:服务端向用户wa向服务端发送了一条消息
2021/08/10 11:08:54 INFO:用户wa向服务端发送了一条消息，Msg:是我，你爹！快打钱！,Type:5
2021/08/10 11:08:54 INFO:服务端向用户wa向服务端发送了一条消息
2021/08/10 11:08:55 INFO:用户wa向服务端发送了一条消息，Msg:Ping,Type:2
2021/08/10 11:08:55 INFO:用户wa向服务端发送了一条消息，Msg:是我，你爹！快打钱！,Type:5
2021/08/10 11:08:55 INFO:服务端向用户wa向服务端发送了一条消息
2021/08/10 11:08:55 INFO:服务端向用户wa向服务端发送了一条消息
2021/08/10 11:08:56 INFO:用户wa向服务端发送了一条消息，Msg:是我，你爹！快打钱！,Type:5
2021/08/10 11:08:56 INFO:服务端向用户wa向服务端发送了一条消息
2021/08/10 11:08:57 INFO:用户wa向服务端发送了一条消息，Msg:是我，你爹！快打钱！,Type:5
2021/08/10 11:08:57 INFO:用户wa向服务端发送了一条消息，Msg:Ping,Type:2
2021/08/10 11:08:57 INFO:服务端向用户wa向服务端发送了一条消息
2021/08/10 11:08:57 INFO:服务端向用户wa向服务端发送了一条消息
2021/08/10 11:08:58 INFO:用户wa向服务端发送了一条消息，Msg:是我，你爹！快打钱！,Type:5
2021/08/10 11:08:58 INFO:服务端向用户wa向服务端发送了一条消息
2021/08/10 11:08:59 INFO:用户wa向服务端发送了一条消息，Msg:Ping,Type:2
2021/08/10 11:08:59 INFO:用户wa向服务端发送了一条消息，Msg:是我，你爹！快打钱！,Type:5
2021/08/10 11:08:59 INFO:服务端向用户wa向服务端发送了一条消息
2021/08/10 11:08:59 INFO:服务端向用户wa向服务端发送了一条消息
2021/08/10 11:09:00 INFO:用户wa向服务端发送了一条消息，Msg:是我，你爹！快打钱！,Type:5
2021/08/10 11:09:00 INFO:服务端向用户wa向服务端发送了一条消息
2021/08/10 11:09:01 INFO:用户wa向服务端发送了一条消息，Msg:Ping,Type:2
2021/08/10 11:09:01 INFO:用户wa向服务端发送了一条消息，Msg:是我，你爹！快打钱！,Type:5
2021/08/10 11:09:01 INFO:服务端向用户wa向服务端发送了一条消息
2021/08/10 11:09:01 INFO:服务端向用户wa向服务端发送了一条消息
2021/08/10 11:09:02 INFO:用户wa向服务端发送了一条消息，Msg:是我，你爹！快打钱！,Type:5
2021/08/10 11:09:02 INFO:服务端向用户wa向服务端发送了一条消息
2021/08/10 11:09:03 INFO:用户wa向服务端发送了一条消息，Msg:Ping,Type:2
2021/08/10 11:09:03 INFO:用户wa向服务端发送了一条消息，Msg:是我，你爹！快打钱！,Type:5
2021/08/10 11:09:03 INFO:服务端向用户wa向服务端发送了一条消息
2021/08/10 11:09:03 INFO:服务端向用户wa向服务端发送了一条消息
2021/08/10 11:09:04 INFO:用户wa向服务端发送了一条消息，Msg:是我，你爹！快打钱！,Type:5
2021/08/10 11:09:04 INFO:服务端向用户wa向服务端发送了一条消息
2021/08/10 11:09:05 INFO:用户wa向服务端发送了一条消息，Msg:Ping,Type:2
2021/08/10 11:09:05 INFO:用户wa向服务端发送了一条消息，Msg:是我，你爹！快打钱！,Type:5
2021/08/10 11:09:05 INFO:服务端向用户wa向服务端发送了一条消息
2021/08/10 11:09:05 INFO:服务端向用户wa向服务端发送了一条消息
2021/08/10 11:09:06 INFO:用户wa向服务端发送了一条消息，Msg:是我，你爹！快打钱！,Type:5
2021/08/10 11:09:06 INFO:服务端向用户wa向服务端发送了一条消息
2021/08/10 11:09:07 INFO:用户wa向服务端发送了一条消息，Msg:Ping,Type:2
2021/08/10 11:09:07 INFO:用户wa向服务端发送了一条消息，Msg:是我，你爹！快打钱！,Type:5
2021/08/10 11:09:07 INFO:服务端向用户wa向服务端发送了一条消息
2021/08/10 11:09:07 INFO:服务端向用户wa向服务端发送了一条消息
2021/08/10 11:09:08 INFO:用户wa向服务端发送了一条消息，Msg:是我，你爹！快打钱！,Type:5
2021/08/10 11:09:08 INFO:服务端向用户wa向服务端发送了一条消息
2021/08/10 11:09:09 INFO:用户wa向服务端发送了一条消息，Msg:Ping,Type:2
2021/08/10 11:09:09 INFO:服务端向用户wa向服务端发送了一条消息
2021/08/10 11:09:09 INFO:用户wa向服务端发送了一条消息，Msg:是我，你爹！快打钱！,Type:5
2021/08/10 11:09:09 INFO:服务端向用户wa向服务端发送了一条消息
2021/08/10 11:09:10 INFO:用户wa向服务端发送了一条消息，Msg:是我，你爹！快打钱！,Type:5
2021/08/10 11:09:10 INFO:服务端向用户wa向服务端发送了一条消息
2021/08/10 11:09:11 INFO:用户wa向服务端发送了一条消息，Msg:Ping,Type:2
2021/08/10 11:09:11 INFO:用户wa向服务端发送了一条消息，Msg:是我，你爹！快打钱！,Type:5
2021/08/10 11:09:11 INFO:服务端向用户wa向服务端发送了一条消息
2021/08/10 11:09:11 INFO:服务端向用户wa向服务端发送了一条消息
2021/08/10 11:09:12 INFO:用户wa向服务端发送了一条消息，Msg:是我，你爹！快打钱！,Type:5
2021/08/10 11:09:12 INFO:服务端向用户wa向服务端发送了一条消息
2021/08/10 11:09:13 INFO:用户wa向服务端发送了一条消息，Msg:Ping,Type:2
2021/08/10 11:09:13 INFO:用户wa向服务端发送了一条消息，Msg:是我，你爹！快打钱！,Type:5
2021/08/10 11:09:13 INFO:服务端向用户wa向服务端发送了一条消息
2021/08/10 11:09:13 INFO:服务端向用户wa向服务端发送了一条消息
2021/08/10 11:09:14 INFO:用户wa向服务端发送了一条消息，Msg:是我，你爹！快打钱！,Type:5
2021/08/10 11:09:14 INFO:服务端向用户wa向服务端发送了一条消息
2021/08/10 11:09:15 INFO:用户wa向服务端发送了一条消息，Msg:Ping,Type:2
2021/08/10 11:09:15 INFO:用户wa向服务端发送了一条消息，Msg:是我，你爹！快打钱！,Type:5
2021/08/10 11:09:15 INFO:服务端向用户wa向服务端发送了一条消息
2021/08/10 11:09:15 INFO:服务端向用户wa向服务端发送了一条消息
2021/08/10 11:09:16 INFO:用户wa向服务端发送了一条消息，Msg:是我，你爹！快打钱！,Type:5
2021/08/10 11:09:16 INFO:服务端向用户wa向服务端发送了一条消息
2021/08/10 11:09:17 INFO:用户wa向服务端发送了一条消息，Msg:Ping,Type:2
2021/08/10 11:09:17 INFO:用户wa向服务端发送了一条消息，Msg:是我，你爹！快打钱！,Type:5
2021/08/10 11:09:17 INFO:服务端向用户wa向服务端发送了一条消息
2021/08/10 11:09:17 INFO:服务端向用户wa向服务端发送了一条消息
2021/08/10 11:09:18 INFO:用户wa向服务端发送了一条消息，Msg:是我，你爹！快打钱！,Type:5
2021/08/10 11:09:18 INFO:服务端向用户wa向服务端发送了一条消息
2021/08/10 11:09:19 INFO:用户wa向服务端发送了一条消息，Msg:是我，你爹！快打钱！,Type:5
2021/08/10 11:09:19 INFO:用户wa向服务端发送了一条消息，Msg:Ping,Type:2
2021/08/10 11:09:19 INFO:服务端向用户wa向服务端发送了一条消息
2021/08/10 11:09:19 INFO:服务端向用户wa向服务端发送了一条消息
2021/08/10 11:09:20 INFO:用户wa向服务端发送了一条消息，Msg:是我，你爹！快打钱！,Type:5
2021/08/10 11:09:20 INFO:服务端向用户wa向服务端发送了一条消息
2021/08/10 11:09:21 INFO:用户wa向服务端发送了一条消息，Msg:Ping,Type:2
2021/08/10 11:09:21 INFO:用户wa向服务端发送了一条消息，Msg:是我，你爹！快打钱！,Type:5
2021/08/10 11:09:21 INFO:服务端向用户wa向服务端发送了一条消息
2021/08/10 11:09:21 INFO:服务端向用户wa向服务端发送了一条消息
2021/08/10 11:09:22 INFO:用户wa向服务端发送了一条消息，Msg:是我，你爹！快打钱！,Type:5
2021/08/10 11:09:22 INFO:服务端向用户wa向服务端发送了一条消息
2021/08/10 11:09:23 INFO:用户wa向服务端发送了一条消息，Msg:是我，你爹！快打钱！,Type:5
2021/08/10 11:09:23 INFO:用户wa向服务端发送了一条消息，Msg:Ping,Type:2
2021/08/10 11:09:23 INFO:服务端向用户wa向服务端发送了一条消息
2021/08/10 11:09:23 INFO:服务端向用户wa向服务端发送了一条消息
2021/08/10 11:09:24 INFO:用户wa向服务端发送了一条消息，Msg:是我，你爹！快打钱！,Type:5
2021/08/10 11:09:24 INFO:服务端向用户wa向服务端发送了一条消息
2021/08/10 11:09:25 INFO:用户wa向服务端发送了一条消息，Msg:Ping,Type:2
2021/08/10 11:09:25 INFO:用户wa向服务端发送了一条消息，Msg:是我，你爹！快打钱！,Type:5
2021/08/10 11:09:25 INFO:服务端向用户wa向服务端发送了一条消息
2021/08/10 11:09:25 INFO:服务端向用户wa向服务端发送了一条消息
2021/08/10 11:09:26 INFO:用户wa向服务端发送了一条消息，Msg:是我，你爹！快打钱！,Type:5
2021/08/10 11:09:26 INFO:服务端向用户wa向服务端发送了一条消息
2021/08/10 11:09:27 INFO:用户wa向服务端发送了一条消息，Msg:Ping,Type:2
2021/08/10 11:09:27 INFO:用户wa向服务端发送了一条消息，Msg:是我，你爹！快打钱！,Type:5
2021/08/10 11:09:27 INFO:服务端向用户wa向服务端发送了一条消息
2021/08/10 11:09:27 INFO:服务端向用户wa向服务端发送了一条消息
2021/08/10 11:09:28 INFO:用户wa向服务端发送了一条消息，Msg:是我，你爹！快打钱！,Type:5
2021/08/10 11:09:28 INFO:服务端向用户wa向服务端发送了一条消息
2021/08/10 11:09:29 INFO:用户wa向服务端发送了一条消息，Msg:Ping,Type:2
2021/08/10 11:09:29 INFO:用户wa向服务端发送了一条消息，Msg:是我，你爹！快打钱！,Type:5
2021/08/10 11:09:29 INFO:服务端向用户wa向服务端发送了一条消息
2021/08/10 11:09:29 INFO:服务端向用户wa向服务端发送了一条消息
2021/08/10 11:09:30 INFO:用户wa向服务端发送了一条消息，Msg:是我，你爹！快打钱！,Type:5
2021/08/10 11:09:30 INFO:服务端向用户wa向服务端发送了一条消息
2021/08/10 11:09:31 INFO:用户wa向服务端发送了一条消息，Msg:是我，你爹！快打钱！,Type:5
2021/08/10 11:09:31 INFO:用户wa向服务端发送了一条消息，Msg:Ping,Type:2
2021/08/10 11:09:31 INFO:服务端向用户wa向服务端发送了一条消息
2021/08/10 11:09:31 INFO:服务端向用户wa向服务端发送了一条消息
2021/08/10 11:09:32 INFO:用户wa向服务端发送了一条消息，Msg:是我，你爹！快打钱！,Type:5
2021/08/10 11:09:32 INFO:服务端向用户wa向服务端发送了一条消息
2021/08/10 11:09:33 INFO:用户wa向服务端发送了一条消息，Msg:Ping,Type:2
2021/08/10 11:09:33 INFO:用户wa向服务端发送了一条消息，Msg:是我，你爹！快打钱！,Type:5
2021/08/10 11:09:33 INFO:服务端向用户wa向服务端发送了一条消息
2021/08/10 11:09:33 INFO:服务端向用户wa向服务端发送了一条消息
2021/08/10 11:09:34 INFO:用户wa向服务端发送了一条消息，Msg:是我，你爹！快打钱！,Type:5
2021/08/10 11:09:34 INFO:服务端向用户wa向服务端发送了一条消息
2021/08/10 11:09:35 INFO:用户wa向服务端发送了一条消息，Msg:Ping,Type:2
2021/08/10 11:09:35 INFO:用户wa向服务端发送了一条消息，Msg:是我，你爹！快打钱！,Type:5
2021/08/10 11:09:35 INFO:服务端向用户wa向服务端发送了一条消息
2021/08/10 11:09:35 INFO:服务端向用户wa向服务端发送了一条消息
2021/08/10 11:09:36 INFO:用户wa向服务端发送了一条消息，Msg:是我，你爹！快打钱！,Type:5
2021/08/10 11:09:36 INFO:服务端向用户wa向服务端发送了一条消息
2021/08/10 11:09:37 INFO:用户wa向服务端发送了一条消息，Msg:Ping,Type:2
2021/08/10 11:09:37 INFO:用户wa向服务端发送了一条消息，Msg:是我，你爹！快打钱！,Type:5
2021/08/10 11:09:37 INFO:服务端向用户wa向服务端发送了一条消息
2021/08/10 11:09:37 INFO:服务端向用户wa向服务端发送了一条消息
2021/08/10 11:09:38 INFO:用户wa向服务端发送了一条消息，Msg:是我，你爹！快打钱！,Type:5
2021/08/10 11:09:38 INFO:服务端向用户wa向服务端发送了一条消息
2021/08/10 11:09:39 INFO:用户wa向服务端发送了一条消息，Msg:是我，你爹！快打钱！,Type:5
2021/08/10 11:09:39 INFO:用户wa向服务端发送了一条消息，Msg:Ping,Type:2
2021/08/10 11:09:39 INFO:服务端向用户wa向服务端发送了一条消息
2021/08/10 11:09:39 INFO:服务端向用户wa向服务端发送了一条消息
2021/08/10 11:09:40 INFO:用户wa向服务端发送了一条消息，Msg:是我，你爹！快打钱！,Type:5
2021/08/10 11:09:40 INFO:服务端向用户wa向服务端发送了一条消息
2021/08/10 11:09:41 INFO:用户wa向服务端发送了一条消息，Msg:是我，你爹！快打钱！,Type:5
2021/08/10 11:09:41 INFO:用户wa向服务端发送了一条消息，Msg:Ping,Type:2
2021/08/10 11:09:41 INFO:服务端向用户wa向服务端发送了一条消息
2021/08/10 11:09:41 INFO:服务端向用户wa向服务端发送了一条消息
2021/08/10 11:09:42 INFO:用户wa向服务端发送了一条消息，Msg:是我，你爹！快打钱！,Type:5
2021/08/10 11:09:42 INFO:服务端向用户wa向服务端发送了一条消息
2021/08/10 11:09:43 INFO:用户wa向服务端发送了一条消息，Msg:Ping,Type:2
2021/08/10 11:09:43 INFO:用户wa向服务端发送了一条消息，Msg:是我，你爹！快打钱！,Type:5
2021/08/10 11:09:43 INFO:服务端向用户wa向服务端发送了一条消息
2021/08/10 11:09:43 INFO:服务端向用户wa向服务端发送了一条消息
2021/08/10 11:09:44 INFO:用户wa向服务端发送了一条消息，Msg:是我，你爹！快打钱！,Type:5
2021/08/10 11:09:44 INFO:服务端向用户wa向服务端发送了一条消息
2021/08/10 11:09:45 INFO:用户wa向服务端发送了一条消息，Msg:Ping,Type:2
2021/08/10 11:09:45 INFO:用户wa向服务端发送了一条消息，Msg:是我，你爹！快打钱！,Type:5
2021/08/10 11:09:45 INFO:服务端向用户wa向服务端发送了一条消息
2021/08/10 11:09:45 INFO:服务端向用户wa向服务端发送了一条消息
2021/08/10 11:09:46 INFO:用户wa向服务端发送了一条消息，Msg:是我，你爹！快打钱！,Type:5
2021/08/10 11:09:46 INFO:服务端向用户wa向服务端发送了一条消息
2021/08/10 11:09:47 INFO:用户wa向服务端发送了一条消息，Msg:Ping,Type:2
2021/08/10 11:09:47 INFO:用户wa向服务端发送了一条消息，Msg:是我，你爹！快打钱！,Type:5
2021/08/10 11:09:47 INFO:服务端向用户wa向服务端发送了一条消息
2021/08/10 11:09:47 INFO:服务端向用户wa向服务端发送了一条消息
2021/08/10 11:09:48 INFO:用户wa向服务端发送了一条消息，Msg:是我，你爹！快打钱！,Type:5
2021/08/10 11:09:48 INFO:服务端向用户wa向服务端发送了一条消息
2021/08/10 11:09:49 INFO:用户wa向服务端发送了一条消息，Msg:Ping,Type:2
2021/08/10 11:09:49 INFO:用户wa向服务端发送了一条消息，Msg:是我，你爹！快打钱！,Type:5
2021/08/10 11:09:49 INFO:服务端向用户wa向服务端发送了一条消息
2021/08/10 11:09:49 INFO:服务端向用户wa向服务端发送了一条消息
2021/08/10 11:09:50 INFO:用户wa向服务端发送了一条消息，Msg:是我，你爹！快打钱！,Type:5
2021/08/10 11:09:50 INFO:服务端向用户wa向服务端发送了一条消息
2021/08/10 11:09:51 INFO:用户wa向服务端发送了一条消息，Msg:Ping,Type:2
2021/08/10 11:09:51 INFO:用户wa向服务端发送了一条消息，Msg:是我，你爹！快打钱！,Type:5
2021/08/10 11:09:51 INFO:服务端向用户wa向服务端发送了一条消息
2021/08/10 11:09:51 INFO:服务端向用户wa向服务端发送了一条消息
2021/08/10 11:09:52 INFO:用户wa向服务端发送了一条消息，Msg:是我，你爹！快打钱！,Type:5
2021/08/10 11:09:52 INFO:服务端向用户wa向服务端发送了一条消息
2021/08/10 11:09:53 INFO:用户wa向服务端发送了一条消息，Msg:Ping,Type:2
2021/08/10 11:09:53 INFO:用户wa向服务端发送了一条消息，Msg:是我，你爹！快打钱！,Type:5
2021/08/10 11:09:53 INFO:服务端向用户wa向服务端发送了一条消息
2021/08/10 11:09:53 INFO:服务端向用户wa向服务端发送了一条消息
2021/08/10 11:09:54 INFO:用户wa向服务端发送了一条消息，Msg:是我，你爹！快打钱！,Type:5
2021/08/10 11:09:54 INFO:服务端向用户wa向服务端发送了一条消息
2021/08/10 11:09:55 INFO:用户wa向服务端发送了一条消息，Msg:Ping,Type:2
2021/08/10 11:09:55 INFO:用户wa向服务端发送了一条消息，Msg:是我，你爹！快打钱！,Type:5
2021/08/10 11:09:55 INFO:服务端向用户wa向服务端发送了一条消息
2021/08/10 11:09:55 INFO:服务端向用户wa向服务端发送了一条消息
2021/08/10 11:09:56 INFO:用户wa向服务端发送了一条消息，Msg:是我，你爹！快打钱！,Type:5
2021/08/10 11:09:56 INFO:服务端向用户wa向服务端发送了一条消息
2021/08/10 11:09:57 INFO:用户wa向服务端发送了一条消息，Msg:Ping,Type:2
2021/08/10 11:09:57 INFO:用户wa向服务端发送了一条消息，Msg:是我，你爹！快打钱！,Type:5
2021/08/10 11:09:57 INFO:服务端向用户wa向服务端发送了一条消息
2021/08/10 11:09:57 INFO:服务端向用户wa向服务端发送了一条消息
2021/08/10 11:09:58 INFO:用户wa向服务端发送了一条消息，Msg:是我，你爹！快打钱！,Type:5
2021/08/10 11:09:58 INFO:服务端向用户wa向服务端发送了一条消息
2021/08/10 11:09:59 INFO:用户wa向服务端发送了一条消息，Msg:Ping,Type:2
2021/08/10 11:09:59 INFO:用户wa向服务端发送了一条消息，Msg:是我，你爹！快打钱！,Type:5
2021/08/10 11:09:59 INFO:服务端向用户wa向服务端发送了一条消息
2021/08/10 11:09:59 INFO:服务端向用户wa向服务端发送了一条消息
2021/08/10 11:10:00 INFO:用户wa向服务端发送了一条消息，Msg:是我，你爹！快打钱！,Type:5
2021/08/10 11:10:00 INFO:服务端向用户wa向服务端发送了一条消息
2021/08/10 11:10:01 INFO:用户wa向服务端发送了一条消息，Msg:Ping,Type:2
2021/08/10 11:10:01 INFO:服务端向用户wa向服务端发送了一条消息
2021/08/10 11:10:01 INFO:用户wa向服务端发送了一条消息，Msg:是我，你爹！快打钱！,Type:5
2021/08/10 11:10:01 INFO:服务端向用户wa向服务端发送了一条消息
2021/08/10 11:10:02 INFO:用户wa向服务端发送了一条消息，Msg:是我，你爹！快打钱！,Type:5
2021/08/10 11:10:02 INFO:服务端向用户wa向服务端发送了一条消息
2021/08/10 11:10:03 INFO:用户wa向服务端发送了一条消息，Msg:Ping,Type:2
2021/08/10 11:10:03 INFO:用户wa向服务端发送了一条消息，Msg:是我，你爹！快打钱！,Type:5
2021/08/10 11:10:03 INFO:服务端向用户wa向服务端发送了一条消息
2021/08/10 11:10:03 INFO:服务端向用户wa向服务端发送了一条消息
2021/08/10 11:10:04 INFO:用户wa向服务端发送了一条消息，Msg:是我，你爹！快打钱！,Type:5
2021/08/10 11:10:04 INFO:服务端向用户wa向服务端发送了一条消息
2021/08/10 11:10:05 INFO:用户wa向服务端发送了一条消息，Msg:Ping,Type:2
2021/08/10 11:10:05 INFO:用户wa向服务端发送了一条消息，Msg:是我，你爹！快打钱！,Type:5
2021/08/10 11:10:05 INFO:服务端向用户wa向服务端发送了一条消息
2021/08/10 11:10:05 INFO:服务端向用户wa向服务端发送了一条消息
2021/08/10 11:10:06 INFO:用户wa向服务端发送了一条消息，Msg:是我，你爹！快打钱！,Type:5
2021/08/10 11:10:06 INFO:服务端向用户wa向服务端发送了一条消息
2021/08/10 11:10:07 INFO:用户wa向服务端发送了一条消息，Msg:Ping,Type:2
2021/08/10 11:10:07 INFO:用户wa向服务端发送了一条消息，Msg:是我，你爹！快打钱！,Type:5
2021/08/10 11:10:07 INFO:服务端向用户wa向服务端发送了一条消息
2021/08/10 11:10:07 INFO:服务端向用户wa向服务端发送了一条消息
2021/08/10 11:10:08 INFO:用户wa向服务端发送了一条消息，Msg:是我，你爹！快打钱！,Type:5
2021/08/10 11:10:08 INFO:服务端向用户wa向服务端发送了一条消息
2021/08/10 11:10:09 INFO:用户wa向服务端发送了一条消息，Msg:Ping,Type:2
2021/08/10 11:10:09 INFO:用户wa向服务端发送了一条消息，Msg:是我，你爹！快打钱！,Type:5
2021/08/10 11:10:09 INFO:服务端向用户wa向服务端发送了一条消息
2021/08/10 11:10:09 INFO:服务端向用户wa向服务端发送了一条消息
2021/08/10 11:10:10 INFO:用户wa向服务端发送了一条消息，Msg:是我，你爹！快打钱！,Type:5
2021/08/10 11:10:10 INFO:服务端向用户wa向服务端发送了一条消息
2021/08/10 11:10:11 INFO:用户wa向服务端发送了一条消息，Msg:Ping,Type:2
2021/08/10 11:10:11 INFO:用户wa向服务端发送了一条消息，Msg:是我，你爹！快打钱！,Type:5
2021/08/10 11:10:11 INFO:服务端向用户wa向服务端发送了一条消息
2021/08/10 11:10:11 INFO:服务端向用户wa向服务端发送了一条消息
2021/08/10 11:10:12 INFO:用户wa向服务端发送了一条消息，Msg:是我，你爹！快打钱！,Type:5
2021/08/10 11:10:12 INFO:服务端向用户wa向服务端发送了一条消息
2021/08/10 11:10:13 INFO:用户wa向服务端发送了一条消息，Msg:Ping,Type:2
2021/08/10 11:10:13 INFO:用户wa向服务端发送了一条消息，Msg:是我，你爹！快打钱！,Type:5
2021/08/10 11:10:13 INFO:服务端向用户wa向服务端发送了一条消息
2021/08/10 11:10:13 INFO:服务端向用户wa向服务端发送了一条消息
2021/08/10 11:10:14 INFO:用户wa向服务端发送了一条消息，Msg:是我，你爹！快打钱！,Type:5
2021/08/10 11:10:14 INFO:服务端向用户wa向服务端发送了一条消息
2021/08/10 11:10:15 INFO:用户wa向服务端发送了一条消息，Msg:Ping,Type:2
2021/08/10 11:10:15 INFO:用户wa向服务端发送了一条消息，Msg:是我，你爹！快打钱！,Type:5
2021/08/10 11:10:15 INFO:服务端向用户wa向服务端发送了一条消息
2021/08/10 11:10:15 INFO:服务端向用户wa向服务端发送了一条消息
2021/08/10 11:10:16 INFO:用户wa向服务端发送了一条消息，Msg:是我，你爹！快打钱！,Type:5
2021/08/10 11:10:16 INFO:服务端向用户wa向服务端发送了一条消息
2021/08/10 11:10:17 INFO:用户wa向服务端发送了一条消息，Msg:Ping,Type:2
2021/08/10 11:10:17 INFO:用户wa向服务端发送了一条消息，Msg:是我，你爹！快打钱！,Type:5
2021/08/10 11:10:17 INFO:服务端向用户wa向服务端发送了一条消息
2021/08/10 11:10:17 INFO:服务端向用户wa向服务端发送了一条消息
2021/08/10 11:10:18 INFO:用户wa向服务端发送了一条消息，Msg:是我，你爹！快打钱！,Type:5
2021/08/10 11:10:18 INFO:服务端向用户wa向服务端发送了一条消息
2021/08/10 11:10:19 INFO:用户wa向服务端发送了一条消息，Msg:是我，你爹！快打钱！,Type:5
2021/08/10 11:10:19 INFO:用户wa向服务端发送了一条消息，Msg:Ping,Type:2
2021/08/10 11:10:19 INFO:服务端向用户wa向服务端发送了一条消息
2021/08/10 11:10:19 INFO:服务端向用户wa向服务端发送了一条消息
2021/08/10 11:10:20 INFO:用户wa向服务端发送了一条消息，Msg:是我，你爹！快打钱！,Type:5
2021/08/10 11:10:20 INFO:服务端向用户wa向服务端发送了一条消息
2021/08/10 11:10:21 INFO:用户wa向服务端发送了一条消息，Msg:是我，你爹！快打钱！,Type:5
2021/08/10 11:10:21 INFO:用户wa向服务端发送了一条消息，Msg:Ping,Type:2
2021/08/10 11:10:21 INFO:服务端向用户wa向服务端发送了一条消息
2021/08/10 11:10:21 INFO:服务端向用户wa向服务端发送了一条消息
2021/08/10 11:10:22 INFO:用户wa向服务端发送了一条消息，Msg:是我，你爹！快打钱！,Type:5
2021/08/10 11:10:22 INFO:服务端向用户wa向服务端发送了一条消息
2021/08/10 11:10:23 INFO:用户wa向服务端发送了一条消息，Msg:Ping,Type:2
2021/08/10 11:10:23 INFO:用户wa向服务端发送了一条消息，Msg:是我，你爹！快打钱！,Type:5
2021/08/10 11:10:23 INFO:服务端向用户wa向服务端发送了一条消息
2021/08/10 11:10:23 INFO:服务端向用户wa向服务端发送了一条消息
2021/08/10 11:10:24 ERROR:读取用户为wa的消息时出错，注销该连接
2021/08/10 11:10:24 INFO:wa连接关闭，进行注销
2021/08/10 11:10:24 INFO：wa发送登出消息
2021/08/10 11:16:01 INFO:asdcs用户连接
2021/08/10 11:16:01 INFO：asdcs发送登陆消息
2021/08/10 11:16:01 INFO:服务端向用户asdcs向服务端发送了一条消息
2021/08/10 11:16:01 INFO:用户asdcs向服务端发送了一条消息，Msg:Ping,Type:2
2021/08/10 11:16:01 INFO:用户asdcs向服务端发送了一条消息，Msg:是我，你爹！快打钱！,Type:5
2021/08/10 11:16:01 INFO:服务端向用户asdcs向服务端发送了一条消息
2021/08/10 11:16:01 INFO:服务端向用户asdcs向服务端发送了一条消息
2021/08/10 11:16:02 INFO:用户asdcs向服务端发送了一条消息，Msg:是我，你爹！快打钱！,Type:5
2021/08/10 11:16:02 INFO:服务端向用户asdcs向服务端发送了一条消息
2021/08/10 11:16:03 INFO:用户asdcs向服务端发送了一条消息，Msg:Ping,Type:2
2021/08/10 11:16:03 INFO:用户asdcs向服务端发送了一条消息，Msg:是我，你爹！快打钱！,Type:5
2021/08/10 11:16:03 INFO:服务端向用户asdcs向服务端发送了一条消息
2021/08/10 11:16:03 INFO:服务端向用户asdcs向服务端发送了一条消息
2021/08/10 11:16:04 INFO:用户asdcs向服务端发送了一条消息，Msg:是我，你爹！快打钱！,Type:5
2021/08/10 11:16:04 INFO:服务端向用户asdcs向服务端发送了一条消息
2021/08/10 11:16:05 INFO:用户asdcs向服务端发送了一条消息，Msg:是我，你爹！快打钱！,Type:5
2021/08/10 11:16:05 INFO:用户asdcs向服务端发送了一条消息，Msg:Ping,Type:2
2021/08/10 11:16:05 INFO:服务端向用户asdcs向服务端发送了一条消息
2021/08/10 11:16:05 INFO:服务端向用户asdcs向服务端发送了一条消息
2021/08/10 11:16:06 INFO:用户asdcs向服务端发送了一条消息，Msg:是我，你爹！快打钱！,Type:5
2021/08/10 11:16:06 INFO:服务端向用户asdcs向服务端发送了一条消息
2021/08/10 11:16:07 INFO:用户asdcs向服务端发送了一条消息，Msg:Ping,Type:2
2021/08/10 11:16:07 INFO:用户asdcs向服务端发送了一条消息，Msg:是我，你爹！快打钱！,Type:5
2021/08/10 11:16:07 INFO:服务端向用户asdcs向服务端发送了一条消息
2021/08/10 11:16:07 INFO:服务端向用户asdcs向服务端发送了一条消息
2021/08/10 11:16:08 INFO:用户asdcs向服务端发送了一条消息，Msg:是我，你爹！快打钱！,Type:5
2021/08/10 11:16:08 INFO:服务端向用户asdcs向服务端发送了一条消息
2021/08/10 11:16:09 INFO:用户asdcs向服务端发送了一条消息，Msg:Ping,Type:2
2021/08/10 11:16:09 INFO:用户asdcs向服务端发送了一条消息，Msg:是我，你爹！快打钱！,Type:5
2021/08/10 11:16:09 INFO:服务端向用户asdcs向服务端发送了一条消息
2021/08/10 11:16:09 INFO:服务端向用户asdcs向服务端发送了一条消息
2021/08/10 11:16:10 INFO:用户asdcs向服务端发送了一条消息，Msg:是我，你爹！快打钱！,Type:5
2021/08/10 11:16:10 INFO:服务端向用户asdcs向服务端发送了一条消息
2021/08/10 11:16:11 INFO:scsd用户连接
2021/08/10 11:16:11 INFO：scsd发送登陆消息
2021/08/10 11:16:11 INFO:服务端向用户asdcs向服务端发送了一条消息
2021/08/10 11:16:11 INFO:服务端向用户scsd向服务端发送了一条消息
2021/08/10 11:16:11 INFO:用户scsd向服务端发送了一条消息，Msg:Ping,Type:2
2021/08/10 11:16:11 INFO:用户scsd向服务端发送了一条消息，Msg:是我，你爹！快打钱！,Type:5
2021/08/10 11:16:11 INFO:服务端向用户scsd向服务端发送了一条消息
2021/08/10 11:16:11 INFO:服务端向用户scsd向服务端发送了一条消息
2021/08/10 11:16:11 INFO:用户asdcs向服务端发送了一条消息，Msg:Ping,Type:2
2021/08/10 11:16:11 INFO:用户asdcs向服务端发送了一条消息，Msg:是我，你爹！快打钱！,Type:5
2021/08/10 11:16:11 INFO:服务端向用户asdcs向服务端发送了一条消息
2021/08/10 11:16:11 INFO:服务端向用户asdcs向服务端发送了一条消息
2021/08/10 11:16:12 INFO:用户scsd向服务端发送了一条消息，Msg:是我，你爹！快打钱！,Type:5
2021/08/10 11:16:12 INFO:服务端向用户scsd向服务端发送了一条消息
2021/08/10 11:16:12 INFO:用户asdcs向服务端发送了一条消息，Msg:是我，你爹！快打钱！,Type:5
2021/08/10 11:16:12 INFO:服务端向用户asdcs向服务端发送了一条消息
2021/08/10 11:16:13 INFO:用户asdcs向服务端发送了一条消息，Msg:asdcs:login out,Type:3
2021/08/10 11:16:13 INFO:用户asdcs发送退出消息，注销该连接
2021/08/10 11:16:13 ERROR:读取用户为asdcs的消息时出错，注销该连接
2021/08/10 11:16:13 INFO：asdcs发送登出消息
2021/08/10 11:16:13 INFO:asdcs连接关闭，进行注销
2021/08/10 11:16:13 INFO:服务端向用户scsd向服务端发送了一条消息
2021/08/10 11:16:13 INFO:用户scsd向服务端发送了一条消息，Msg:Ping,Type:2
2021/08/10 11:16:13 INFO:用户scsd向服务端发送了一条消息，Msg:是我，你爹！快打钱！,Type:5
2021/08/10 11:16:13 INFO:服务端向用户scsd向服务端发送了一条消息
2021/08/10 11:16:13 INFO:服务端向用户scsd向服务端发送了一条消息
2021/08/10 11:16:14 INFO:用户scsd向服务端发送了一条消息，Msg:是我，你爹！快打钱！,Type:5
2021/08/10 11:16:14 INFO:服务端向用户scsd向服务端发送了一条消息
2021/08/10 11:16:15 INFO:用户scsd向服务端发送了一条消息，Msg:Ping,Type:2
2021/08/10 11:16:15 INFO:用户scsd向服务端发送了一条消息，Msg:是我，你爹！快打钱！,Type:5
2021/08/10 11:16:15 INFO:服务端向用户scsd向服务端发送了一条消息
2021/08/10 11:16:15 INFO:服务端向用户scsd向服务端发送了一条消息
2021/08/10 11:16:16 INFO:用户scsd向服务端发送了一条消息，Msg:是我，你爹！快打钱！,Type:5
2021/08/10 11:16:16 INFO:服务端向用户scsd向服务端发送了一条消息
2021/08/10 11:16:17 INFO:用户scsd向服务端发送了一条消息，Msg:Ping,Type:2
2021/08/10 11:16:17 INFO:用户scsd向服务端发送了一条消息，Msg:是我，你爹！快打钱！,Type:5
2021/08/10 11:16:17 INFO:服务端向用户scsd向服务端发送了一条消息
2021/08/10 11:16:17 INFO:服务端向用户scsd向服务端发送了一条消息
2021/08/10 11:16:18 INFO:用户scsd向服务端发送了一条消息，Msg:是我，你爹！快打钱！,Type:5
2021/08/10 11:16:18 INFO:服务端向用户scsd向服务端发送了一条消息
2021/08/10 11:16:19 INFO:用户scsd向服务端发送了一条消息，Msg:Ping,Type:2
2021/08/10 11:16:19 INFO:用户scsd向服务端发送了一条消息，Msg:是我，你爹！快打钱！,Type:5
2021/08/10 11:16:19 INFO:服务端向用户scsd向服务端发送了一条消息
2021/08/10 11:16:19 INFO:服务端向用户scsd向服务端发送了一条消息
2021/08/10 11:16:19 INFO:asdcs用户连接
2021/08/10 11:16:19 INFO：asdcs发送登陆消息
2021/08/10 11:16:19 INFO:服务端向用户scsd向服务端发送了一条消息
2021/08/10 11:16:19 INFO:服务端向用户asdcs向服务端发送了一条消息
2021/08/10 11:16:19 INFO:用户asdcs向服务端发送了一条消息，Msg:Ping,Type:2
2021/08/10 11:16:19 INFO:用户asdcs向服务端发送了一条消息，Msg:是我，你爹！快打钱！,Type:5
2021/08/10 11:16:19 INFO:服务端向用户asdcs向服务端发送了一条消息
2021/08/10 11:16:19 INFO:服务端向用户asdcs向服务端发送了一条消息
2021/08/10 11:16:20 INFO:用户scsd向服务端发送了一条消息，Msg:是我，你爹！快打钱！,Type:5
2021/08/10 11:16:20 INFO:服务端向用户scsd向服务端发送了一条消息
2021/08/10 11:16:20 INFO:用户asdcs向服务端发送了一条消息，Msg:是我，你爹！快打钱！,Type:5
2021/08/10 11:16:20 INFO:服务端向用户asdcs向服务端发送了一条消息
2021/08/10 11:16:20 INFO:用户asdcs向服务端发送了一条消息，Msg:awscds,Type:1
2021/08/10 11:16:20 INFO：发送广播消息
2021/08/10 11:16:20 INFO:服务端向用户asdcs向服务端发送了一条消息
2021/08/10 11:16:20 INFO:服务端向用户scsd向服务端发送了一条消息
2021/08/10 11:16:21 INFO:用户scsd向服务端发送了一条消息，Msg:Ping,Type:2
2021/08/10 11:16:21 INFO:用户scsd向服务端发送了一条消息，Msg:是我，你爹！快打钱！,Type:5
2021/08/10 11:16:21 INFO:服务端向用户scsd向服务端发送了一条消息
2021/08/10 11:16:21 INFO:服务端向用户scsd向服务端发送了一条消息
2021/08/10 11:16:21 INFO:用户asdcs向服务端发送了一条消息，Msg:Ping,Type:2
2021/08/10 11:16:21 INFO:用户asdcs向服务端发送了一条消息，Msg:是我，你爹！快打钱！,Type:5
2021/08/10 11:16:21 INFO:服务端向用户asdcs向服务端发送了一条消息
2021/08/10 11:16:21 INFO:服务端向用户asdcs向服务端发送了一条消息
2021/08/10 11:16:22 INFO:用户scsd向服务端发送了一条消息，Msg:是我，你爹！快打钱！,Type:5
2021/08/10 11:16:22 INFO:服务端向用户scsd向服务端发送了一条消息
2021/08/10 11:16:22 INFO:用户asdcs向服务端发送了一条消息，Msg:是我，你爹！快打钱！,Type:5
2021/08/10 11:16:22 INFO:服务端向用户asdcs向服务端发送了一条消息
2021/08/10 11:16:22 INFO:用户scsd向服务端发送了一条消息，Msg:scsd:login out,Type:3
2021/08/10 11:16:22 INFO:用户scsd发送退出消息，注销该连接
2021/08/10 11:16:22 ERROR:读取用户为scsd的消息时出错，注销该连接
2021/08/10 11:16:22 INFO：scsd发送登出消息
2021/08/10 11:16:22 INFO:scsd连接关闭，进行注销
2021/08/10 11:16:22 INFO:服务端向用户asdcs向服务端发送了一条消息
2021/08/10 11:16:23 INFO:用户asdcs向服务端发送了一条消息，Msg:Ping,Type:2
2021/08/10 11:16:23 INFO:用户asdcs向服务端发送了一条消息，Msg:是我，你爹！快打钱！,Type:5
2021/08/10 11:16:23 INFO:服务端向用户asdcs向服务端发送了一条消息
2021/08/10 11:16:23 INFO:服务端向用户asdcs向服务端发送了一条消息
2021/08/10 11:16:24 INFO:用户asdcs向服务端发送了一条消息，Msg:是我，你爹！快打钱！,Type:5
2021/08/10 11:16:24 INFO:服务端向用户asdcs向服务端发送了一条消息
2021/08/10 11:16:25 INFO:用户asdcs向服务端发送了一条消息，Msg:是我，你爹！快打钱！,Type:5
2021/08/10 11:16:25 INFO:服务端向用户asdcs向服务端发送了一条消息
2021/08/10 11:16:25 INFO:用户asdcs向服务端发送了一条消息，Msg:Ping,Type:2
2021/08/10 11:16:25 INFO:服务端向用户asdcs向服务端发送了一条消息
2021/08/10 11:16:26 INFO:用户asdcs向服务端发送了一条消息，Msg:是我，你爹！快打钱！,Type:5
2021/08/10 11:16:26 INFO:服务端向用户asdcs向服务端发送了一条消息
2021/08/10 11:16:27 INFO:用户asdcs向服务端发送了一条消息，Msg:Ping,Type:2
2021/08/10 11:16:27 INFO:用户asdcs向服务端发送了一条消息，Msg:是我，你爹！快打钱！,Type:5
2021/08/10 11:16:27 INFO:服务端向用户asdcs向服务端发送了一条消息
2021/08/10 11:16:27 INFO:服务端向用户asdcs向服务端发送了一条消息
2021/08/10 11:16:28 INFO:用户asdcs向服务端发送了一条消息，Msg:是我，你爹！快打钱！,Type:5
2021/08/10 11:16:28 INFO:服务端向用户asdcs向服务端发送了一条消息
2021/08/10 11:16:29 INFO:用户asdcs向服务端发送了一条消息，Msg:Ping,Type:2
2021/08/10 11:16:29 INFO:用户asdcs向服务端发送了一条消息，Msg:是我，你爹！快打钱！,Type:5
2021/08/10 11:16:29 INFO:服务端向用户asdcs向服务端发送了一条消息
2021/08/10 11:16:29 INFO:服务端向用户asdcs向服务端发送了一条消息
2021/08/10 11:16:30 INFO:用户asdcs向服务端发送了一条消息，Msg:是我，你爹！快打钱！,Type:5
2021/08/10 11:16:30 INFO:服务端向用户asdcs向服务端发送了一条消息
2021/08/10 11:16:31 INFO:用户asdcs向服务端发送了一条消息，Msg:是我，你爹！快打钱！,Type:5
2021/08/10 11:16:31 INFO:用户asdcs向服务端发送了一条消息，Msg:Ping,Type:2
2021/08/10 11:16:31 INFO:服务端向用户asdcs向服务端发送了一条消息
2021/08/10 11:16:31 INFO:服务端向用户asdcs向服务端发送了一条消息
2021/08/10 11:16:32 INFO:用户asdcs向服务端发送了一条消息，Msg:是我，你爹！快打钱！,Type:5
2021/08/10 11:16:32 INFO:服务端向用户asdcs向服务端发送了一条消息
2021/08/10 11:16:33 INFO:用户asdcs向服务端发送了一条消息，Msg:Ping,Type:2
2021/08/10 11:16:33 INFO:服务端向用户asdcs向服务端发送了一条消息
2021/08/10 11:16:33 INFO:用户asdcs向服务端发送了一条消息，Msg:是我，你爹！快打钱！,Type:5
2021/08/10 11:16:33 INFO:服务端向用户asdcs向服务端发送了一条消息
2021/08/10 11:16:34 INFO:用户asdcs向服务端发送了一条消息，Msg:是我，你爹！快打钱！,Type:5
2021/08/10 11:16:34 INFO:服务端向用户asdcs向服务端发送了一条消息
2021/08/10 11:16:35 INFO:用户asdcs向服务端发送了一条消息，Msg:Ping,Type:2
2021/08/10 11:16:35 INFO:用户asdcs向服务端发送了一条消息，Msg:是我，你爹！快打钱！,Type:5
2021/08/10 11:16:35 INFO:服务端向用户asdcs向服务端发送了一条消息
2021/08/10 11:16:35 INFO:服务端向用户asdcs向服务端发送了一条消息
2021/08/10 11:16:36 INFO:用户asdcs向服务端发送了一条消息，Msg:是我，你爹！快打钱！,Type:5
2021/08/10 11:16:36 INFO:服务端向用户asdcs向服务端发送了一条消息
2021/08/10 11:16:37 INFO:用户asdcs向服务端发送了一条消息，Msg:是我，你爹！快打钱！,Type:5
2021/08/10 11:16:37 INFO:用户asdcs向服务端发送了一条消息，Msg:Ping,Type:2
2021/08/10 11:16:37 INFO:服务端向用户asdcs向服务端发送了一条消息
2021/08/10 11:16:37 INFO:服务端向用户asdcs向服务端发送了一条消息
2021/08/10 11:16:38 INFO:用户asdcs向服务端发送了一条消息，Msg:是我，你爹！快打钱！,Type:5
2021/08/10 11:16:38 INFO:服务端向用户asdcs向服务端发送了一条消息
2021/08/10 11:16:39 INFO:用户asdcs向服务端发送了一条消息，Msg:Ping,Type:2
2021/08/10 11:16:39 INFO:服务端向用户asdcs向服务端发送了一条消息
2021/08/10 11:16:39 INFO:用户asdcs向服务端发送了一条消息，Msg:是我，你爹！快打钱！,Type:5
2021/08/10 11:16:39 INFO:服务端向用户asdcs向服务端发送了一条消息
2021/08/10 11:16:40 INFO:用户asdcs向服务端发送了一条消息，Msg:是我，你爹！快打钱！,Type:5
2021/08/10 11:16:40 INFO:服务端向用户asdcs向服务端发送了一条消息
2021/08/10 11:16:41 INFO:用户asdcs向服务端发送了一条消息，Msg:Ping,Type:2
2021/08/10 11:16:41 INFO:用户asdcs向服务端发送了一条消息，Msg:是我，你爹！快打钱！,Type:5
2021/08/10 11:16:41 INFO:服务端向用户asdcs向服务端发送了一条消息
2021/08/10 11:16:41 INFO:服务端向用户asdcs向服务端发送了一条消息
2021/08/10 11:16:42 INFO:用户asdcs向服务端发送了一条消息，Msg:是我，你爹！快打钱！,Type:5
2021/08/10 11:16:42 INFO:服务端向用户asdcs向服务端发送了一条消息
2021/08/10 11:16:42 INFO:用户asdcs向服务端发送了一条消息，Msg:asdcs:login out,Type:3
2021/08/10 11:16:42 INFO:用户asdcs发送退出消息，注销该连接
2021/08/10 11:16:42 ERROR:读取用户为asdcs的消息时出错，注销该连接
2021/08/10 11:16:42 INFO：asdcs发送登出消息
2021/08/10 11:16:42 INFO:asdcs连接关闭，进行注销
